0 info it worked if it ends with ok
1 verbose cli [ '/usr/bin/nodejs', '/usr/bin/npm', 'install' ]
2 info using npm@3.10.8
3 info using node@v6.9.1
4 silly loadCurrentTree Starting
5 silly install loadCurrentTree
6 silly install readLocalPackageData
7 silly install normalizeTree
8 silly loadCurrentTree Finishing
9 silly loadIdealTree Starting
10 silly install loadIdealTree
11 silly cloneCurrentTree Starting
12 silly install cloneCurrentTreeToIdealTree
13 silly cloneCurrentTree Finishing
14 silly loadShrinkwrap Starting
15 silly install loadShrinkwrap
16 silly loadShrinkwrap Finishing
17 silly loadAllDepsIntoIdealTree Starting
18 silly install loadAllDepsIntoIdealTree
19 silly fetchNamedPackageData fsevents
20 silly mapToRegistry name fsevents
21 silly mapToRegistry using default registry
22 silly mapToRegistry registry https://registry.npm.taobao.org/
23 silly mapToRegistry data Result {
23 silly mapToRegistry   raw: 'fsevents',
23 silly mapToRegistry   scope: null,
23 silly mapToRegistry   escapedName: 'fsevents',
23 silly mapToRegistry   name: 'fsevents',
23 silly mapToRegistry   rawSpec: '',
23 silly mapToRegistry   spec: 'latest',
23 silly mapToRegistry   type: 'tag' }
24 silly mapToRegistry uri https://registry.npm.taobao.org/fsevents
25 verbose request uri https://registry.npm.taobao.org/fsevents
26 verbose request no auth needed
27 info attempt registry request try #1 at 7:46:00 PM
28 verbose request id 2bb600afafdcbfdf
29 verbose etag "d0be-BewQP5rU7PDfBUEEVXmLrg"
30 http request GET https://registry.npm.taobao.org/fsevents
31 http 304 https://registry.npm.taobao.org/fsevents
32 verbose headers { date: 'Thu, 03 Nov 2016 11:46:00 GMT',
32 verbose headers   connection: 'keep-alive',
32 verbose headers   'x-current-requests': '1',
32 verbose headers   etag: '"d0be-BewQP5rU7PDfBUEEVXmLrg"',
32 verbose headers   'x-readtime': '33' }
33 silly get cb [ 304,
33 silly get   { date: 'Thu, 03 Nov 2016 11:46:00 GMT',
33 silly get     connection: 'keep-alive',
33 silly get     'x-current-requests': '1',
33 silly get     etag: '"d0be-BewQP5rU7PDfBUEEVXmLrg"',
33 silly get     'x-readtime': '33' } ]
34 verbose etag https://registry.npm.taobao.org/fsevents from cache
35 verbose get saving fsevents to /home/lcgong/.npm/registry.npm.taobao.org/fsevents/.cache.json
36 verbose correctMkdir /home/lcgong/.npm correctMkdir not in flight; initializing
37 silly resolveWithNewModule fsevents@1.0.15 checking installable status
38 silly loadAllDepsIntoIdealTree Finishing
39 silly loadIdealTree Finishing
40 silly currentTree babel-jspm-karma-jasmine-istanbul@1.0.0
40 silly currentTree ├── abab@1.0.2
40 silly currentTree ├── abbrev@1.0.7
40 silly currentTree ├─┬ accepts@1.1.4
40 silly currentTree │ ├── mime-db@1.12.0
40 silly currentTree │ └── mime-types@2.0.14
40 silly currentTree ├─┬ acorn-globals@1.0.9
40 silly currentTree │ └── acorn@2.7.0
40 silly currentTree ├── acorn@1.2.2
40 silly currentTree ├── adm-zip@0.4.4
40 silly currentTree ├── after@0.8.1
40 silly currentTree ├── align-text@0.1.3
40 silly currentTree ├── alter@0.2.0
40 silly currentTree ├── amdefine@1.0.0
40 silly currentTree ├── ansi-green@0.1.1
40 silly currentTree ├── ansi-regex@2.0.0
40 silly currentTree ├── ansi-styles@2.1.0
40 silly currentTree ├── ansi-wrap@0.1.0
40 silly currentTree ├── anymatch@1.3.0
40 silly currentTree ├── argparse@1.0.3
40 silly currentTree ├── arr-diff@2.0.0
40 silly currentTree ├── arr-flatten@1.0.1
40 silly currentTree ├── array-slice@0.2.3
40 silly currentTree ├── array-unique@0.2.1
40 silly currentTree ├── arraybuffer.slice@0.0.6
40 silly currentTree ├── arrify@1.0.1
40 silly currentTree ├── asn1@0.1.11
40 silly currentTree ├── assert-plus@0.1.5
40 silly currentTree ├── ast-traverse@0.1.1
40 silly currentTree ├── ast-types@0.8.15
40 silly currentTree ├── async-each@0.1.6
40 silly currentTree ├── async@0.2.10
40 silly currentTree ├── asynckit@0.4.0
40 silly currentTree ├── aws-sign2@0.5.0
40 silly currentTree ├── aws4@1.5.0
40 silly currentTree ├── babel-code-frame@6.3.13
40 silly currentTree ├─┬ babel-core@6.4.0
40 silly currentTree │ └─┬ minimatch@2.0.10
40 silly currentTree │   └── brace-expansion@1.1.2
40 silly currentTree ├── babel-generator@6.4.2
40 silly currentTree ├── babel-helper-call-delegate@6.3.13
40 silly currentTree ├── babel-helper-define-map@6.3.13
40 silly currentTree ├── babel-helper-function-name@6.4.0
40 silly currentTree ├── babel-helper-get-function-arity@6.3.13
40 silly currentTree ├── babel-helper-hoist-variables@6.3.13
40 silly currentTree ├── babel-helper-optimise-call-expression@6.3.13
40 silly currentTree ├── babel-helper-regex@6.3.13
40 silly currentTree ├── babel-helper-replace-supers@6.3.13
40 silly currentTree ├── babel-helpers@6.4.0
40 silly currentTree ├── babel-messages@6.3.18
40 silly currentTree ├── babel-plugin-check-es2015-constants@6.3.13
40 silly currentTree ├── babel-plugin-constant-folding@1.0.1
40 silly currentTree ├── babel-plugin-dead-code-elimination@1.0.2
40 silly currentTree ├── babel-plugin-eval@1.0.1
40 silly currentTree ├── babel-plugin-inline-environment-variables@1.0.1
40 silly currentTree ├── babel-plugin-jscript@1.0.4
40 silly currentTree ├── babel-plugin-member-expression-literals@1.0.1
40 silly currentTree ├── babel-plugin-property-literals@1.0.1
40 silly currentTree ├── babel-plugin-proto-to-assign@1.0.4
40 silly currentTree ├── babel-plugin-react-constant-elements@1.0.3
40 silly currentTree ├── babel-plugin-react-display-name@1.0.3
40 silly currentTree ├── babel-plugin-remove-console@1.0.1
40 silly currentTree ├── babel-plugin-remove-debugger@1.0.1
40 silly currentTree ├── babel-plugin-runtime@1.0.7
40 silly currentTree ├── babel-plugin-syntax-async-functions@6.3.13
40 silly currentTree ├── babel-plugin-transform-cjs-system-require@0.1.1
40 silly currentTree ├─┬ babel-plugin-transform-cjs-system-wrapper@0.2.1
40 silly currentTree │ ├── babel-code-frame@6.16.0
40 silly currentTree │ ├── babel-messages@6.8.0
40 silly currentTree │ ├── babel-runtime@6.18.0
40 silly currentTree │ ├── babel-template@6.16.0
40 silly currentTree │ ├── babel-traverse@6.18.0
40 silly currentTree │ ├── babel-types@6.18.0
40 silly currentTree │ ├── babylon@6.13.1
40 silly currentTree │ ├── core-js@2.4.1
40 silly currentTree │ ├── globals@9.12.0
40 silly currentTree │ ├── js-tokens@2.0.0
40 silly currentTree │ └── lodash@4.16.6
40 silly currentTree ├── babel-plugin-transform-es2015-arrow-functions@6.4.0
40 silly currentTree ├── babel-plugin-transform-es2015-block-scoped-functions@6.3.13
40 silly currentTree ├── babel-plugin-transform-es2015-block-scoping@6.4.0
40 silly currentTree ├── babel-plugin-transform-es2015-classes@6.4.0
40 silly currentTree ├── babel-plugin-transform-es2015-computed-properties@6.4.0
40 silly currentTree ├── babel-plugin-transform-es2015-destructuring@6.4.0
40 silly currentTree ├── babel-plugin-transform-es2015-for-of@6.3.13
40 silly currentTree ├── babel-plugin-transform-es2015-function-name@6.4.0
40 silly currentTree ├── babel-plugin-transform-es2015-literals@6.3.13
40 silly currentTree ├── babel-plugin-transform-es2015-modules-commonjs@6.4.0
40 silly currentTree ├─┬ babel-plugin-transform-es2015-modules-systemjs@6.18.0
40 silly currentTree │ ├── babel-code-frame@6.16.0
40 silly currentTree │ ├── babel-helper-hoist-variables@6.18.0
40 silly currentTree │ ├── babel-messages@6.8.0
40 silly currentTree │ ├── babel-runtime@6.18.0
40 silly currentTree │ ├── babel-template@6.16.0
40 silly currentTree │ ├── babel-traverse@6.18.0
40 silly currentTree │ ├── babel-types@6.18.0
40 silly currentTree │ ├── babylon@6.13.1
40 silly currentTree │ ├── core-js@2.4.1
40 silly currentTree │ ├── globals@9.12.0
40 silly currentTree │ ├── js-tokens@2.0.0
40 silly currentTree │ └── lodash@4.16.6
40 silly currentTree ├── babel-plugin-transform-es2015-object-super@6.4.0
40 silly currentTree ├── babel-plugin-transform-es2015-parameters@6.4.2
40 silly currentTree ├── babel-plugin-transform-es2015-shorthand-properties@6.3.13
40 silly currentTree ├── babel-plugin-transform-es2015-spread@6.4.0
40 silly currentTree ├── babel-plugin-transform-es2015-sticky-regex@6.3.13
40 silly currentTree ├── babel-plugin-transform-es2015-template-literals@6.3.13
40 silly currentTree ├── babel-plugin-transform-es2015-typeof-symbol@6.4.0
40 silly currentTree ├── babel-plugin-transform-es2015-unicode-regex@6.3.13
40 silly currentTree ├─┬ babel-plugin-transform-global-system-wrapper@0.0.1
40 silly currentTree │ ├── babel-code-frame@6.16.0
40 silly currentTree │ ├── babel-messages@6.8.0
40 silly currentTree │ ├── babel-runtime@6.18.0
40 silly currentTree │ ├── babel-template@6.16.0
40 silly currentTree │ ├── babel-traverse@6.18.0
40 silly currentTree │ ├── babel-types@6.18.0
40 silly currentTree │ ├── babylon@6.13.1
40 silly currentTree │ ├── core-js@2.4.1
40 silly currentTree │ ├── globals@9.12.0
40 silly currentTree │ ├── js-tokens@2.0.0
40 silly currentTree │ └── lodash@4.16.6
40 silly currentTree ├── babel-plugin-transform-regenerator@6.3.26
40 silly currentTree ├── babel-plugin-transform-strict-mode@6.3.13
40 silly currentTree ├── babel-plugin-transform-system-register@0.0.1
40 silly currentTree ├── babel-plugin-undeclared-variables-check@1.0.2
40 silly currentTree ├── babel-plugin-undefined-to-void@1.1.6
40 silly currentTree ├── babel-polyfill@6.3.14
40 silly currentTree ├── babel-preset-es2015@6.3.13
40 silly currentTree ├── babel-regenerator-runtime@6.3.13
40 silly currentTree ├── babel-register@6.3.13
40 silly currentTree ├── babel-runtime@5.8.34
40 silly currentTree ├── babel-template@6.3.13
40 silly currentTree ├── babel-traverse@6.3.26
40 silly currentTree ├── babel-types@6.4.1
40 silly currentTree ├── babylon@6.4.2
40 silly currentTree ├── backo2@1.0.2
40 silly currentTree ├── balanced-match@0.3.0
40 silly currentTree ├── base64-arraybuffer@0.1.2
40 silly currentTree ├── base64id@0.1.0
40 silly currentTree ├── batch@0.5.3
40 silly currentTree ├── benchmark@1.0.0
40 silly currentTree ├── better-assert@1.0.2
40 silly currentTree ├── binary-extensions@1.4.0
40 silly currentTree ├── bindings@1.2.1
40 silly currentTree ├─┬ bl@0.9.4
40 silly currentTree │ └── readable-stream@1.0.33
40 silly currentTree ├── blob@0.0.4
40 silly currentTree ├── block-stream@0.0.9
40 silly currentTree ├── bluebird@2.10.2
40 silly currentTree ├─┬ body-parser@1.14.2
40 silly currentTree │ └── qs@5.2.0
40 silly currentTree ├── boom@2.10.1
40 silly currentTree ├─┬ brace-expansion@1.1.6
40 silly currentTree │ └── balanced-match@0.4.2
40 silly currentTree ├── braces@1.8.3
40 silly currentTree ├── breakable@1.0.0
40 silly currentTree ├── bser@1.0.2
40 silly currentTree ├── buffer-crc32@0.2.5
40 silly currentTree ├── buffer-peek-stream@1.0.1
40 silly currentTree ├── bufferutil@1.2.1
40 silly currentTree ├── builtin-modules@1.1.1
40 silly currentTree ├── bytes@2.2.0
40 silly currentTree ├── callsite@1.0.0
40 silly currentTree ├─┬ camelcase-keys@2.0.0
40 silly currentTree │ └── camelcase@2.0.1
40 silly currentTree ├── camelcase@1.2.1
40 silly currentTree ├── caseless@0.11.0
40 silly currentTree ├── center-align@0.1.2
40 silly currentTree ├── chalk@1.1.1
40 silly currentTree ├── charenc@0.0.1
40 silly currentTree ├── chokidar@1.4.2
40 silly currentTree ├─┬ cli-table@0.0.2
40 silly currentTree │ └── colors@0.3.0
40 silly currentTree ├── cliui@2.1.0
40 silly currentTree ├── coffee-script@1.10.0
40 silly currentTree ├── colors@1.1.2
40 silly currentTree ├── combined-stream@0.0.7
40 silly currentTree ├── commander@2.9.0
40 silly currentTree ├─┬ commoner@0.10.4
40 silly currentTree │ ├── balanced-match@0.4.2
40 silly currentTree │ ├─┬ glob@5.0.15
40 silly currentTree │ │ └── inflight@1.0.6
40 silly currentTree │ └─┬ minimatch@3.0.0
40 silly currentTree │   └── brace-expansion@1.1.6
40 silly currentTree ├── component-bind@1.0.0
40 silly currentTree ├── component-emitter@1.1.2
40 silly currentTree ├── component-inherit@0.0.3
40 silly currentTree ├── concat-map@0.0.1
40 silly currentTree ├── config-chain@1.1.9
40 silly currentTree ├── connect@3.4.0
40 silly currentTree ├── content-type@1.0.1
40 silly currentTree ├── convert-source-map@1.1.3
40 silly currentTree ├── core-js@1.2.6
40 silly currentTree ├── core-util-is@1.0.2
40 silly currentTree ├─┬ cover@0.2.9
40 silly currentTree │ ├── underscore@1.2.4
40 silly currentTree │ └── which@1.0.9
40 silly currentTree ├── crypt@0.0.1
40 silly currentTree ├── cryptiles@2.0.5
40 silly currentTree ├── cssom@0.3.0
40 silly currentTree ├── cssstyle@0.2.30
40 silly currentTree ├── ctype@0.5.3
40 silly currentTree ├── custom-event@1.0.0
40 silly currentTree ├── d@0.1.1
40 silly currentTree ├── dashdash@1.11.0
40 silly currentTree ├── data-uri-to-buffer@0.0.4
40 silly currentTree ├── dateformat@1.0.12
40 silly currentTree ├── debug@2.2.0
40 silly currentTree ├── decamelize@1.1.2
40 silly currentTree ├── deep-is@0.1.3
40 silly currentTree ├── defined@1.0.0
40 silly currentTree ├─┬ defs@1.1.1
40 silly currentTree │ └── esprima-fb@15001.1001.0-dev-harmony-fb
40 silly currentTree ├── delayed-stream@0.0.5
40 silly currentTree ├── depd@1.1.0
40 silly currentTree ├── detect-file@0.1.0
40 silly currentTree ├─┬ detect-indent@3.0.1
40 silly currentTree │ └── minimist@1.2.0
40 silly currentTree ├── detective@4.3.1
40 silly currentTree ├── di@0.0.1
40 silly currentTree ├── diff@2.2.1
40 silly currentTree ├─┬ dom-serialize@2.2.1
40 silly currentTree │ └── extend@3.0.0
40 silly currentTree ├── ecc-jsbn@0.1.1
40 silly currentTree ├── ee-first@1.1.1
40 silly currentTree ├─┬ engine.io-client@1.6.4
40 silly currentTree │ └── ws@0.8.1
40 silly currentTree ├─┬ engine.io-parser@1.2.4
40 silly currentTree │ └── has-binary@0.1.6
40 silly currentTree ├── engine.io@1.6.5
40 silly currentTree ├── ent@2.2.0
40 silly currentTree ├── err-code@1.1.1
40 silly currentTree ├── errno@0.1.4
40 silly currentTree ├── error-ex@1.3.0
40 silly currentTree ├── es5-ext@0.10.11
40 silly currentTree ├── es6-iterator@2.0.0
40 silly currentTree ├── es6-symbol@3.0.2
40 silly currentTree ├─┬ es6-template-strings@2.0.1
40 silly currentTree │ ├── es5-ext@0.10.12
40 silly currentTree │ └── es6-symbol@3.1.0
40 silly currentTree ├── escape-html@1.0.2
40 silly currentTree ├── escape-string-regexp@1.0.4
40 silly currentTree ├─┬ escodegen@1.8.0
40 silly currentTree │ └── source-map@0.2.0
40 silly currentTree ├─┬ esniff@1.1.0
40 silly currentTree │ ├── d@1.0.0
40 silly currentTree │ ├── es5-ext@0.10.12
40 silly currentTree │ └─┬ es6-symbol@3.1.0
40 silly currentTree │   └── d@0.1.1
40 silly currentTree ├── esprima@2.7.1
40 silly currentTree ├── estraverse@1.9.3
40 silly currentTree ├── esutils@2.0.2
40 silly currentTree ├── eventemitter3@1.1.1
40 silly currentTree ├── exec-sh@0.2.0
40 silly currentTree ├── exit@0.1.2
40 silly currentTree ├─┬ expand-braces@0.1.2
40 silly currentTree │ ├── braces@0.1.5
40 silly currentTree │ ├── expand-range@0.1.1
40 silly currentTree │ ├── is-number@0.1.1
40 silly currentTree │ └── repeat-string@0.2.2
40 silly currentTree ├── expand-brackets@0.1.4
40 silly currentTree ├── expand-range@1.8.1
40 silly currentTree ├── expand-tilde@1.2.2
40 silly currentTree ├── extend@3.0.0
40 silly currentTree ├── extglob@0.3.1
40 silly currentTree ├── extsprintf@1.0.2
40 silly currentTree ├── fast-levenshtein@1.1.0
40 silly currentTree ├── fb-watchman@1.7.0
40 silly currentTree ├── fd-slicer@1.0.1
40 silly currentTree ├── filename-regex@2.0.0
40 silly currentTree ├─┬ fileset@0.1.8
40 silly currentTree │ ├─┬ glob@3.2.11
40 silly currentTree │ │ └── minimatch@0.3.0
40 silly currentTree │ └── minimatch@0.4.0
40 silly currentTree ├── fill-range@2.2.3
40 silly currentTree ├── finalhandler@0.4.0
40 silly currentTree ├─┬ find-up@1.1.0
40 silly currentTree │ └── path-exists@2.1.0
40 silly currentTree ├── findup-sync@0.4.3
40 silly currentTree ├── fined@1.0.2
40 silly currentTree ├── flagged-respawn@0.3.2
40 silly currentTree ├── for-in@0.1.4
40 silly currentTree ├── for-own@0.1.3
40 silly currentTree ├── forever-agent@0.5.2
40 silly currentTree ├─┬ form-data@2.1.1
40 silly currentTree │ ├── combined-stream@1.0.5
40 silly currentTree │ ├── delayed-stream@1.0.0
40 silly currentTree │ ├── mime-db@1.24.0
40 silly currentTree │ └── mime-types@2.1.12
40 silly currentTree ├── fs-access@1.0.0
40 silly currentTree ├── fs-exists-sync@0.1.0
40 silly currentTree ├── fs-extra@0.23.1
40 silly currentTree ├── fs-readdir-recursive@0.1.2
40 silly currentTree ├── fs.realpath@1.0.0
40 silly currentTree ├── fstream@1.0.10
40 silly currentTree ├─┬ gaze@0.3.4
40 silly currentTree │ └── minimatch@0.2.14
40 silly currentTree ├── generate-function@2.0.0
40 silly currentTree ├── generate-object-property@1.2.0
40 silly currentTree ├── get-stdin@4.0.1
40 silly currentTree ├── glob-base@0.3.0
40 silly currentTree ├── glob-parent@2.0.0
40 silly currentTree ├── glob@3.2.11
40 silly currentTree ├── global-modules@0.2.3
40 silly currentTree ├─┬ global-prefix@0.1.4
40 silly currentTree │ └── which@1.2.11
40 silly currentTree ├── globals@8.17.0
40 silly currentTree ├── graceful-fs@4.1.2
40 silly currentTree ├── graceful-readlink@1.0.1
40 silly currentTree ├── growl@1.7.0
40 silly currentTree ├─┬ handlebars@4.0.5
40 silly currentTree │ ├── async@1.5.1
40 silly currentTree │ └── source-map@0.4.4
40 silly currentTree ├─┬ har-validator@2.0.6
40 silly currentTree │ ├── is-my-json-valid@2.15.0
40 silly currentTree │ └── jsonpointer@4.0.0
40 silly currentTree ├── has-ansi@2.0.0
40 silly currentTree ├── has-binary@0.1.7
40 silly currentTree ├── has-color@0.1.7
40 silly currentTree ├── has-cors@1.1.0
40 silly currentTree ├── has-flag@1.0.0
40 silly currentTree ├── hawk@3.1.3
40 silly currentTree ├── hoek@2.16.3
40 silly currentTree ├── home-or-tmp@1.0.0
40 silly currentTree ├── hosted-git-info@2.1.4
40 silly currentTree ├── http-errors@1.3.1
40 silly currentTree ├── http-proxy@1.12.0
40 silly currentTree ├── http-signature@0.10.1
40 silly currentTree ├── iconv-lite@0.4.13
40 silly currentTree ├─┬ indent-string@2.1.0
40 silly currentTree │ └── repeating@2.0.0
40 silly currentTree ├── indexof@0.0.1
40 silly currentTree ├── inflight@1.0.6
40 silly currentTree ├── inherit@2.2.2
40 silly currentTree ├── inherits@2.0.1
40 silly currentTree ├── ini@1.3.4
40 silly currentTree ├── invariant@2.2.0
40 silly currentTree ├── invert-kv@1.0.0
40 silly currentTree ├── is-absolute@0.1.7
40 silly currentTree ├── is-arrayish@0.2.1
40 silly currentTree ├── is-binary-path@1.0.1
40 silly currentTree ├── is-buffer@1.1.1
40 silly currentTree ├── is-builtin-module@1.0.0
40 silly currentTree ├── is-dotfile@1.0.2
40 silly currentTree ├── is-equal-shallow@0.1.3
40 silly currentTree ├── is-extendable@0.1.1
40 silly currentTree ├── is-extglob@1.0.0
40 silly currentTree ├── is-finite@1.0.1
40 silly currentTree ├── is-glob@2.0.1
40 silly currentTree ├── is-integer@1.0.6
40 silly currentTree ├── is-my-json-valid@2.12.3
40 silly currentTree ├─┬ is-number@2.1.0
40 silly currentTree │ └── kind-of@3.0.2
40 silly currentTree ├── is-primitive@2.0.0
40 silly currentTree ├── is-property@1.0.2
40 silly currentTree ├── is-relative@0.1.3
40 silly currentTree ├── is-typedarray@1.0.0
40 silly currentTree ├── is-unc-path@0.1.1
40 silly currentTree ├── is-utf8@0.2.1
40 silly currentTree ├── is-windows@0.2.0
40 silly currentTree ├── is@0.2.7
40 silly currentTree ├── isarray@0.0.1
40 silly currentTree ├── isexe@1.1.2
40 silly currentTree ├── isobject@2.0.0
40 silly currentTree ├─┬ isparta@3.5.3
40 silly currentTree │ ├── async@1.5.1
40 silly currentTree │ ├── babel-core@5.8.34
40 silly currentTree │ ├── babylon@5.8.34
40 silly currentTree │ ├── balanced-match@0.4.2
40 silly currentTree │ ├── fast-levenshtein@1.0.7
40 silly currentTree │ ├── fileset@0.2.1
40 silly currentTree │ ├─┬ glob@5.0.15
40 silly currentTree │ │ └── inflight@1.0.6
40 silly currentTree │ ├── globals@6.4.1
40 silly currentTree │ ├─┬ istanbul@0.4.1
40 silly currentTree │ │ ├─┬ escodegen@1.7.1
40 silly currentTree │ │ │ └── esprima@1.2.5
40 silly currentTree │ │ └── source-map@0.2.0
40 silly currentTree │ ├── js-tokens@1.0.1
40 silly currentTree │ ├── levn@0.2.5
40 silly currentTree │ ├─┬ minimatch@2.0.10
40 silly currentTree │ │ └── brace-expansion@1.1.6
40 silly currentTree │ ├─┬ optionator@0.5.0
40 silly currentTree │ │ └── wordwrap@0.0.3
40 silly currentTree │ ├── supports-color@3.1.2
40 silly currentTree │ └── wordwrap@1.0.0
40 silly currentTree ├── isstream@0.1.2
40 silly currentTree ├─┬ istanbul@0.3.17
40 silly currentTree │ ├── async@1.5.1
40 silly currentTree │ ├── balanced-match@0.4.2
40 silly currentTree │ ├─┬ escodegen@1.6.1
40 silly currentTree │ │ ├── esprima@1.2.5
40 silly currentTree │ │ └── source-map@0.1.43
40 silly currentTree │ ├── esprima@2.4.1
40 silly currentTree │ ├── esutils@1.1.6
40 silly currentTree │ ├── fast-levenshtein@1.0.7
40 silly currentTree │ ├── fileset@0.2.1
40 silly currentTree │ ├─┬ glob@5.0.15
40 silly currentTree │ │ └── inflight@1.0.6
40 silly currentTree │ ├─┬ handlebars@3.0.0
40 silly currentTree │ │ └── source-map@0.1.43
40 silly currentTree │ ├── levn@0.2.5
40 silly currentTree │ ├─┬ minimatch@2.0.10
40 silly currentTree │ │ └── brace-expansion@1.1.6
40 silly currentTree │ ├── optionator@0.5.0
40 silly currentTree │ ├── source-map@0.4.4
40 silly currentTree │ ├── supports-color@1.3.1
40 silly currentTree │ ├─┬ uglify-js@2.3.6
40 silly currentTree │ │ ├── async@0.2.10
40 silly currentTree │ │ ├── optimist@0.3.7
40 silly currentTree │ │ └── source-map@0.1.43
40 silly currentTree │ └── which@1.0.9
40 silly currentTree ├── jasmine-core@2.4.1
40 silly currentTree ├── jasmine-growl-reporter@0.0.3
40 silly currentTree ├─┬ jasmine-node@1.14.5
40 silly currentTree │ └── mkdirp@0.3.5
40 silly currentTree ├─┬ jasmine-reporters@1.0.2
40 silly currentTree │ └── mkdirp@0.3.5
40 silly currentTree ├── jasmine@2.4.1
40 silly currentTree ├─┬ jest-cli@0.8.2
40 silly currentTree │ ├── async@1.5.2
40 silly currentTree │ ├─┬ escodegen@1.7.1
40 silly currentTree │ │ └── esprima@1.2.5
40 silly currentTree │ ├── esprima@2.5.0
40 silly currentTree │ ├── fast-levenshtein@1.0.7
40 silly currentTree │ ├── fileset@0.2.1
40 silly currentTree │ ├── glob@5.0.15
40 silly currentTree │ ├── istanbul@0.3.22
40 silly currentTree │ ├── levn@0.2.5
40 silly currentTree │ ├── minimatch@2.0.10
40 silly currentTree │ ├─┬ optionator@0.5.0
40 silly currentTree │ │ └── wordwrap@0.0.3
40 silly currentTree │ ├── source-map@0.2.0
40 silly currentTree │ ├── supports-color@3.1.2
40 silly currentTree │ └── wordwrap@1.0.0
40 silly currentTree ├── jodid25519@1.0.2
40 silly currentTree ├── js-tokens@1.0.2
40 silly currentTree ├── js-yaml@3.4.6
40 silly currentTree ├── jsbn@0.1.0
40 silly currentTree ├─┬ jsdom@7.2.2
40 silly currentTree │ └── acorn@2.7.0
40 silly currentTree ├── jsesc@0.5.0
40 silly currentTree ├── json-schema@0.2.2
40 silly currentTree ├── json-stable-stringify@1.0.0
40 silly currentTree ├── json-stringify-safe@5.0.1
40 silly currentTree ├── json3@3.2.6
40 silly currentTree ├── json5@0.4.0
40 silly currentTree ├── jsonfile@2.2.3
40 silly currentTree ├── jsonify@0.0.0
40 silly currentTree ├── jsonpointer@2.0.0
40 silly currentTree ├─┬ jspm-github@0.13.17
40 silly currentTree │ ├── assert-plus@0.2.0
40 silly currentTree │ ├── aws-sign2@0.6.0
40 silly currentTree │ ├── combined-stream@1.0.5
40 silly currentTree │ ├── delayed-stream@1.0.0
40 silly currentTree │ ├── forever-agent@0.6.1
40 silly currentTree │ ├── glob@7.1.1
40 silly currentTree │ ├── graceful-fs@4.1.10
40 silly currentTree │ ├── http-signature@1.1.1
40 silly currentTree │ ├── minimatch@3.0.3
40 silly currentTree │ ├── request@2.76.0
40 silly currentTree │ ├── rimraf@2.5.4
40 silly currentTree │ └── tough-cookie@2.3.2
40 silly currentTree ├─┬ jspm-npm@0.26.12
40 silly currentTree │ ├── glob@5.0.15
40 silly currentTree │ ├── graceful-fs@4.1.10
40 silly currentTree │ ├── minimatch@3.0.3
40 silly currentTree │ └── tar@1.0.3
40 silly currentTree ├─┬ jspm-registry@0.4.2
40 silly currentTree │ ├── graceful-fs@4.1.10
40 silly currentTree │ └── semver@4.3.6
40 silly currentTree ├─┬ jspm@0.16.47
40 silly currentTree │ ├── glob@6.0.4
40 silly currentTree │ └── minimatch@3.0.3
40 silly currentTree ├── jsprim@1.2.2
40 silly currentTree ├── karma-babel-preprocessor@6.0.1
40 silly currentTree ├── karma-chrome-launcher@0.2.2
40 silly currentTree ├── karma-coverage@0.2.6
40 silly currentTree ├── karma-jasmine@0.3.6
40 silly currentTree ├── karma-jspm@2.0.2
40 silly currentTree ├── karma-phantomjs-launcher@0.2.3
40 silly currentTree ├── karma-sourcemap-loader@0.3.6
40 silly currentTree ├─┬ karma@0.13.19
40 silly currentTree │ ├── core-js@2.0.2
40 silly currentTree │ ├── glob@6.0.3
40 silly currentTree │ └── minimatch@3.0.0
40 silly currentTree ├── kew@0.4.0
40 silly currentTree ├── kind-of@2.0.1
40 silly currentTree ├── lazy-cache@0.2.7
40 silly currentTree ├── lcid@1.0.0
40 silly currentTree ├── left-pad@0.0.3
40 silly currentTree ├── leven@1.0.2
40 silly currentTree ├── levn@0.3.0
40 silly currentTree ├─┬ liftoff@2.3.0
40 silly currentTree │ └── resolve@1.1.7
40 silly currentTree ├── line-numbers@0.2.0
40 silly currentTree ├── load-json-file@1.1.0
40 silly currentTree ├── lodash._arraycopy@3.0.0
40 silly currentTree ├── lodash._basecreate@3.0.3
40 silly currentTree ├── lodash._createwrapper@3.0.7
40 silly currentTree ├── lodash._replaceholders@3.0.0
40 silly currentTree ├── lodash.assignwith@4.2.0
40 silly currentTree ├── lodash.isempty@4.4.0
40 silly currentTree ├── lodash.isplainobject@4.0.6
40 silly currentTree ├── lodash.isstring@4.0.1
40 silly currentTree ├── lodash.mapvalues@4.6.0
40 silly currentTree ├── lodash.partial@3.1.1
40 silly currentTree ├── lodash.pick@4.4.0
40 silly currentTree ├── lodash.restparam@3.6.1
40 silly currentTree ├── lodash@3.10.1
40 silly currentTree ├─┬ log4js@0.6.29
40 silly currentTree │ ├── readable-stream@1.0.33
40 silly currentTree │ ├── semver@4.3.6
40 silly currentTree │ └── underscore@1.8.2
40 silly currentTree ├── longest@1.0.1
40 silly currentTree ├── loose-envify@1.1.0
40 silly currentTree ├── loud-rejection@1.2.0
40 silly currentTree ├── lru-cache@2.7.3
40 silly currentTree ├── makeerror@1.0.11
40 silly currentTree ├── map-cache@0.2.2
40 silly currentTree ├── map-obj@1.0.1
40 silly currentTree ├─┬ md5@2.0.0
40 silly currentTree │ └── is-buffer@1.0.2
40 silly currentTree ├── media-typer@0.3.0
40 silly currentTree ├─┬ meow@3.7.0
40 silly currentTree │ └── minimist@1.2.0
40 silly currentTree ├── merge@1.2.0
40 silly currentTree ├─┬ micromatch@2.3.7
40 silly currentTree │ └── kind-of@3.0.2
40 silly currentTree ├── mime-db@1.21.0
40 silly currentTree ├── mime-types@2.1.9
40 silly currentTree ├── mime@1.3.4
40 silly currentTree ├── minimatch@0.3.0
40 silly currentTree ├── minimist@0.0.8
40 silly currentTree ├── mkdirp@0.5.1
40 silly currentTree ├── ms@0.7.1
40 silly currentTree ├── nan@2.1.0
40 silly currentTree ├── ncp@2.0.0
40 silly currentTree ├── negotiator@0.4.9
40 silly currentTree ├── netrc@0.1.4
40 silly currentTree ├─┬ node-haste@1.2.8
40 silly currentTree │ └── esprima-fb@4001.1001.0-dev-harmony-fb
40 silly currentTree ├── node-int64@0.4.0
40 silly currentTree ├── node-uuid@1.4.7
40 silly currentTree ├── node.extend@1.0.8
40 silly currentTree ├── node.flow@1.2.3
40 silly currentTree ├─┬ nomnomnomnom@2.0.1
40 silly currentTree │ ├── ansi-styles@1.0.0
40 silly currentTree │ ├── chalk@0.4.0
40 silly currentTree │ ├── strip-ansi@0.1.1
40 silly currentTree │ └── underscore@1.6.0
40 silly currentTree ├── nopt@3.0.6
40 silly currentTree ├── normalize-package-data@2.3.5
40 silly currentTree ├── normalize-path@2.0.1
40 silly currentTree ├─┬ npmconf@2.1.1
40 silly currentTree │ └── semver@4.3.6
40 silly currentTree ├── null-check@1.0.0
40 silly currentTree ├── number-is-nan@1.0.0
40 silly currentTree ├── nwmatcher@1.3.7
40 silly currentTree ├── oauth-sign@0.8.2
40 silly currentTree ├── object-assign@4.0.1
40 silly currentTree ├── object-component@0.0.3
40 silly currentTree ├── object-keys@0.4.0
40 silly currentTree ├── object.omit@2.0.0
40 silly currentTree ├── on-finished@2.3.0
40 silly currentTree ├── once@1.3.3
40 silly currentTree ├── optimist@0.6.1
40 silly currentTree ├─┬ optionator@0.8.1
40 silly currentTree │ └── wordwrap@1.0.0
40 silly currentTree ├── options@0.0.6
40 silly currentTree ├── os-homedir@1.0.1
40 silly currentTree ├── os-locale@1.4.0
40 silly currentTree ├── os-tmpdir@1.0.1
40 silly currentTree ├── osenv@0.1.3
40 silly currentTree ├── output-file-sync@1.1.1
40 silly currentTree ├─┬ parse-filepath@1.0.1
40 silly currentTree │ ├── is-absolute@0.2.6
40 silly currentTree │ └── is-relative@0.2.1
40 silly currentTree ├── parse-glob@3.0.4
40 silly currentTree ├── parse-json@2.2.0
40 silly currentTree ├── parse5@1.5.1
40 silly currentTree ├── parsejson@0.0.1
40 silly currentTree ├── parseqs@0.0.2
40 silly currentTree ├── parseuri@0.0.4
40 silly currentTree ├── parseurl@1.3.0
40 silly currentTree ├── path-exists@1.0.0
40 silly currentTree ├── path-is-absolute@1.0.0
40 silly currentTree ├── path-root-regex@0.1.2
40 silly currentTree ├── path-root@0.1.1
40 silly currentTree ├── path-type@1.1.0
40 silly currentTree ├── pend@1.2.0
40 silly currentTree ├─┬ phantomjs@1.9.19
40 silly currentTree │ ├── async@0.9.2
40 silly currentTree │ ├── boom@0.4.2
40 silly currentTree │ ├── caseless@0.6.0
40 silly currentTree │ ├── cryptiles@0.2.2
40 silly currentTree │ ├── form-data@0.1.4
40 silly currentTree │ ├── hawk@1.1.1
40 silly currentTree │ ├── hoek@0.9.1
40 silly currentTree │ ├── mime-types@1.0.2
40 silly currentTree │ ├── mime@1.2.11
40 silly currentTree │ ├── oauth-sign@0.4.0
40 silly currentTree │ ├── qs@1.2.2
40 silly currentTree │ ├── request@2.42.0
40 silly currentTree │ ├── sntp@0.2.4
40 silly currentTree │ └── which@1.0.9
40 silly currentTree ├── pify@2.3.0
40 silly currentTree ├── pinkie-promise@2.0.0
40 silly currentTree ├── pinkie@2.0.1
40 silly currentTree ├── prelude-ls@1.1.2
40 silly currentTree ├── preserve@0.2.0
40 silly currentTree ├── private@0.1.6
40 silly currentTree ├── process-nextick-args@1.0.6
40 silly currentTree ├── progress@1.1.8
40 silly currentTree ├── proper-lockfile@1.2.0
40 silly currentTree ├── proto-list@1.2.4
40 silly currentTree ├── prr@0.0.0
40 silly currentTree ├── punycode@1.4.1
40 silly currentTree ├── q@1.4.1
40 silly currentTree ├── qs@6.3.0
40 silly currentTree ├─┬ randomatic@1.1.5
40 silly currentTree │ └── kind-of@3.0.2
40 silly currentTree ├── raw-body@2.1.5
40 silly currentTree ├── read-pkg-up@1.0.1
40 silly currentTree ├── read-pkg@1.1.0
40 silly currentTree ├── readable-stream@2.0.5
40 silly currentTree ├─┬ readdirp@2.0.0
40 silly currentTree │ └── minimatch@2.0.10
40 silly currentTree ├─┬ recast@0.10.41
40 silly currentTree │ └── esprima-fb@15001.1001.0-dev-harmony-fb
40 silly currentTree ├── rechoir@0.6.2
40 silly currentTree ├── redent@1.0.0
40 silly currentTree ├── regenerate@1.2.1
40 silly currentTree ├── regenerator-runtime@0.9.5
40 silly currentTree ├─┬ regenerator@0.8.40
40 silly currentTree │ ├── ast-types@0.8.12
40 silly currentTree │ ├── esprima-fb@15001.1001.0-dev-harmony-fb
40 silly currentTree │ └── recast@0.10.33
40 silly currentTree ├── regex-cache@0.4.2
40 silly currentTree ├── regexpu@1.3.0
40 silly currentTree ├── regjsgen@0.2.0
40 silly currentTree ├── regjsparser@0.1.5
40 silly currentTree ├── repeat-element@1.1.2
40 silly currentTree ├── repeat-string@1.5.2
40 silly currentTree ├── repeating@1.1.3
40 silly currentTree ├── request-progress@0.3.1
40 silly currentTree ├─┬ request@2.67.0
40 silly currentTree │ ├── async@1.5.1
40 silly currentTree │ ├── aws-sign2@0.6.0
40 silly currentTree │ ├── bl@1.0.0
40 silly currentTree │ ├── caseless@0.11.0
40 silly currentTree │ ├── combined-stream@1.0.5
40 silly currentTree │ ├── delayed-stream@1.0.0
40 silly currentTree │ ├── extend@3.0.0
40 silly currentTree │ ├── forever-agent@0.6.1
40 silly currentTree │ ├── form-data@1.0.0-rc3
40 silly currentTree │ ├─┬ har-validator@2.0.3
40 silly currentTree │ │ └── pinkie-promise@2.0.0
40 silly currentTree │ ├── hawk@3.1.2
40 silly currentTree │ ├── http-signature@1.1.0
40 silly currentTree │ ├── mime-db@1.20.0
40 silly currentTree │ ├── mime-types@2.1.8
40 silly currentTree │ ├── oauth-sign@0.8.0
40 silly currentTree │ ├── qs@5.2.0
40 silly currentTree │ └── readable-stream@2.0.5
40 silly currentTree ├── requirejs@2.1.22
40 silly currentTree ├── requires-port@0.0.1
40 silly currentTree ├── resolve-dir@0.1.1
40 silly currentTree ├── resolve@1.1.6
40 silly currentTree ├── retry@0.10.0
40 silly currentTree ├── right-align@0.1.3
40 silly currentTree ├─┬ rimraf@2.5.0
40 silly currentTree │ ├── glob@6.0.3
40 silly currentTree │ └── minimatch@3.0.0
40 silly currentTree ├── rmdir@1.2.0
40 silly currentTree ├─┬ rollup@0.36.3
40 silly currentTree │ └── source-map-support@0.4.6
40 silly currentTree ├── rsvp@3.3.3
40 silly currentTree ├─┬ sane@1.3.0
40 silly currentTree │ ├── minimatch@0.2.14
40 silly currentTree │ └── minimist@1.2.0
40 silly currentTree ├── sax@1.1.4
40 silly currentTree ├── semver@5.1.0
40 silly currentTree ├── shebang-regex@1.0.0
40 silly currentTree ├── sigmund@1.0.1
40 silly currentTree ├── signal-exit@2.1.2
40 silly currentTree ├── simple-fmt@0.1.0
40 silly currentTree ├── simple-is@0.2.0
40 silly currentTree ├── slash@1.0.0
40 silly currentTree ├── sntp@1.0.9
40 silly currentTree ├─┬ socket.io-adapter@0.4.0
40 silly currentTree │ └─┬ socket.io-parser@2.2.2
40 silly currentTree │   └── debug@0.7.4
40 silly currentTree ├─┬ socket.io-client@1.4.0
40 silly currentTree │ ├── component-emitter@1.2.0
40 silly currentTree │ ├── json3@3.3.2
40 silly currentTree │ └─┬ socket.io-parser@2.2.5
40 silly currentTree │   └── component-emitter@1.1.2
40 silly currentTree ├─┬ socket.io-parser@2.2.6
40 silly currentTree │ └── json3@3.3.2
40 silly currentTree ├── socket.io@1.4.0
40 silly currentTree ├─┬ source-map-support@0.2.10
40 silly currentTree │ └─┬ source-map@0.1.32
40 silly currentTree │   └── amdefine@1.0.0
40 silly currentTree ├── source-map@0.5.3
40 silly currentTree ├── spdx-correct@1.0.2
40 silly currentTree ├── spdx-exceptions@1.0.4
40 silly currentTree ├── spdx-expression-parse@1.0.2
40 silly currentTree ├── spdx-license-ids@1.1.0
40 silly currentTree ├── sprintf-js@1.0.3
40 silly currentTree ├─┬ sshpk@1.7.2
40 silly currentTree │ ├── asn1@0.2.3
40 silly currentTree │ └── assert-plus@0.2.0
40 silly currentTree ├── stable@0.1.5
40 silly currentTree ├── statuses@1.2.1
40 silly currentTree ├── string_decoder@0.10.31
40 silly currentTree ├── stringmap@0.2.2
40 silly currentTree ├── stringset@0.2.1
40 silly currentTree ├── stringstream@0.0.5
40 silly currentTree ├── strip-ansi@3.0.0
40 silly currentTree ├── strip-bom@2.0.0
40 silly currentTree ├── strip-indent@1.0.1
40 silly currentTree ├── success-symbol@0.1.0
40 silly currentTree ├── supports-color@2.0.0
40 silly currentTree ├── symbol-tree@3.1.4
40 silly currentTree ├─┬ systemjs-builder@0.15.33
40 silly currentTree │ ├── babel-code-frame@6.16.0
40 silly currentTree │ ├── babel-core@6.18.2
40 silly currentTree │ ├── babel-generator@6.18.0
40 silly currentTree │ ├── babel-helpers@6.16.0
40 silly currentTree │ ├── babel-messages@6.8.0
40 silly currentTree │ ├── babel-register@6.18.0
40 silly currentTree │ ├── babel-runtime@6.18.0
40 silly currentTree │ ├── babel-template@6.16.0
40 silly currentTree │ ├── babel-traverse@6.18.0
40 silly currentTree │ ├── babel-types@6.18.0
40 silly currentTree │ ├── babylon@6.13.1
40 silly currentTree │ ├── bluebird@3.4.6
40 silly currentTree │ ├── core-js@2.4.1
40 silly currentTree │ ├── detect-indent@4.0.0
40 silly currentTree │ ├── glob@7.1.1
40 silly currentTree │ ├── globals@9.12.0
40 silly currentTree │ ├── home-or-tmp@2.0.0
40 silly currentTree │ ├── js-tokens@2.0.0
40 silly currentTree │ ├── jsesc@1.3.0
40 silly currentTree │ ├── json5@0.5.0
40 silly currentTree │ ├── lodash@4.16.6
40 silly currentTree │ ├── minimatch@3.0.3
40 silly currentTree │ ├── repeating@2.0.1
40 silly currentTree │ └── source-map-support@0.4.6
40 silly currentTree ├── systemjs@0.19.40
40 silly currentTree ├── tar@2.2.1
40 silly currentTree ├── throttleit@0.0.2
40 silly currentTree ├── through@2.3.8
40 silly currentTree ├── tmpl@1.0.4
40 silly currentTree ├── to-array@0.1.3
40 silly currentTree ├── to-fast-properties@1.0.1
40 silly currentTree ├── tough-cookie@2.2.1
40 silly currentTree ├── tr46@0.0.2
40 silly currentTree ├─┬ traceur@0.0.105
40 silly currentTree │ ├── glob@5.0.15
40 silly currentTree │ ├── minimatch@3.0.3
40 silly currentTree │ └── semver@4.3.6
40 silly currentTree ├── trim-newlines@1.0.0
40 silly currentTree ├── trim-right@1.0.1
40 silly currentTree ├── try-resolve@1.0.1
40 silly currentTree ├── tryor@0.1.2
40 silly currentTree ├── tunnel-agent@0.4.2
40 silly currentTree ├── tweetnacl@0.13.2
40 silly currentTree ├── type-check@0.3.2
40 silly currentTree ├── type-is@1.6.10
40 silly currentTree ├─┬ uglify-js@2.6.1
40 silly currentTree │ ├── window-size@0.1.0
40 silly currentTree │ └── yargs@3.10.0
40 silly currentTree ├── uglify-to-browserify@1.0.2
40 silly currentTree ├── uid-number@0.0.5
40 silly currentTree ├── ultron@1.0.2
40 silly currentTree ├── unc-path-regex@0.1.2
40 silly currentTree ├── underscore.string@2.0.0
40 silly currentTree ├── underscore@1.8.3
40 silly currentTree ├── unpipe@1.0.0
40 silly currentTree ├── user-home@1.1.1
40 silly currentTree ├─┬ useragent@2.1.8
40 silly currentTree │ └── lru-cache@2.2.4
40 silly currentTree ├── utf-8-validate@1.2.1
40 silly currentTree ├── utf8@2.1.0
40 silly currentTree ├── util-deprecate@1.0.2
40 silly currentTree ├── utils-merge@1.0.0
40 silly currentTree ├── validate-npm-package-license@3.0.1
40 silly currentTree ├── verror@1.3.6
40 silly currentTree ├── void-elements@2.0.1
40 silly currentTree ├── walkdir@0.0.11
40 silly currentTree ├── walker@1.0.7
40 silly currentTree ├── watch@0.10.0
40 silly currentTree ├── webidl-conversions@2.0.1
40 silly currentTree ├── whatwg-url-compat@0.6.5
40 silly currentTree ├── when@3.7.7
40 silly currentTree ├── which@1.2.1
40 silly currentTree ├── window-size@0.1.4
40 silly currentTree ├── wordwrap@0.0.2
40 silly currentTree ├── worker-farm@1.3.1
40 silly currentTree ├── wrappy@1.0.1
40 silly currentTree ├── ws@1.0.1
40 silly currentTree ├── xml-name-validator@2.0.1
40 silly currentTree ├── xmlhttprequest-ssl@1.5.1
40 silly currentTree ├── xtend@4.0.1
40 silly currentTree ├── y18n@3.2.0
40 silly currentTree ├── yargs@3.27.0
40 silly currentTree ├── yauzl@2.7.0
40 silly currentTree └── yeast@0.1.2
41 silly idealTree babel-jspm-karma-jasmine-istanbul@1.0.0
41 silly idealTree ├── abab@1.0.2
41 silly idealTree ├── abbrev@1.0.7
41 silly idealTree ├─┬ accepts@1.1.4
41 silly idealTree │ ├── mime-db@1.12.0
41 silly idealTree │ └── mime-types@2.0.14
41 silly idealTree ├─┬ acorn-globals@1.0.9
41 silly idealTree │ └── acorn@2.7.0
41 silly idealTree ├── acorn@1.2.2
41 silly idealTree ├── adm-zip@0.4.4
41 silly idealTree ├── after@0.8.1
41 silly idealTree ├── align-text@0.1.3
41 silly idealTree ├── alter@0.2.0
41 silly idealTree ├── amdefine@1.0.0
41 silly idealTree ├── ansi-green@0.1.1
41 silly idealTree ├── ansi-regex@2.0.0
41 silly idealTree ├── ansi-styles@2.1.0
41 silly idealTree ├── ansi-wrap@0.1.0
41 silly idealTree ├── anymatch@1.3.0
41 silly idealTree ├── argparse@1.0.3
41 silly idealTree ├── arr-diff@2.0.0
41 silly idealTree ├── arr-flatten@1.0.1
41 silly idealTree ├── array-slice@0.2.3
41 silly idealTree ├── array-unique@0.2.1
41 silly idealTree ├── arraybuffer.slice@0.0.6
41 silly idealTree ├── arrify@1.0.1
41 silly idealTree ├── asn1@0.1.11
41 silly idealTree ├── assert-plus@0.1.5
41 silly idealTree ├── ast-traverse@0.1.1
41 silly idealTree ├── ast-types@0.8.15
41 silly idealTree ├── async-each@0.1.6
41 silly idealTree ├── async@0.2.10
41 silly idealTree ├── asynckit@0.4.0
41 silly idealTree ├── aws-sign2@0.5.0
41 silly idealTree ├── aws4@1.5.0
41 silly idealTree ├── babel-code-frame@6.3.13
41 silly idealTree ├─┬ babel-core@6.4.0
41 silly idealTree │ └─┬ minimatch@2.0.10
41 silly idealTree │   └── brace-expansion@1.1.2
41 silly idealTree ├── babel-generator@6.4.2
41 silly idealTree ├── babel-helper-call-delegate@6.3.13
41 silly idealTree ├── babel-helper-define-map@6.3.13
41 silly idealTree ├── babel-helper-function-name@6.4.0
41 silly idealTree ├── babel-helper-get-function-arity@6.3.13
41 silly idealTree ├── babel-helper-hoist-variables@6.3.13
41 silly idealTree ├── babel-helper-optimise-call-expression@6.3.13
41 silly idealTree ├── babel-helper-regex@6.3.13
41 silly idealTree ├── babel-helper-replace-supers@6.3.13
41 silly idealTree ├── babel-helpers@6.4.0
41 silly idealTree ├── babel-messages@6.3.18
41 silly idealTree ├── babel-plugin-check-es2015-constants@6.3.13
41 silly idealTree ├── babel-plugin-constant-folding@1.0.1
41 silly idealTree ├── babel-plugin-dead-code-elimination@1.0.2
41 silly idealTree ├── babel-plugin-eval@1.0.1
41 silly idealTree ├── babel-plugin-inline-environment-variables@1.0.1
41 silly idealTree ├── babel-plugin-jscript@1.0.4
41 silly idealTree ├── babel-plugin-member-expression-literals@1.0.1
41 silly idealTree ├── babel-plugin-property-literals@1.0.1
41 silly idealTree ├── babel-plugin-proto-to-assign@1.0.4
41 silly idealTree ├── babel-plugin-react-constant-elements@1.0.3
41 silly idealTree ├── babel-plugin-react-display-name@1.0.3
41 silly idealTree ├── babel-plugin-remove-console@1.0.1
41 silly idealTree ├── babel-plugin-remove-debugger@1.0.1
41 silly idealTree ├── babel-plugin-runtime@1.0.7
41 silly idealTree ├── babel-plugin-syntax-async-functions@6.3.13
41 silly idealTree ├── babel-plugin-transform-cjs-system-require@0.1.1
41 silly idealTree ├─┬ babel-plugin-transform-cjs-system-wrapper@0.2.1
41 silly idealTree │ ├── babel-code-frame@6.16.0
41 silly idealTree │ ├── babel-messages@6.8.0
41 silly idealTree │ ├── babel-runtime@6.18.0
41 silly idealTree │ ├── babel-template@6.16.0
41 silly idealTree │ ├── babel-traverse@6.18.0
41 silly idealTree │ ├── babel-types@6.18.0
41 silly idealTree │ ├── babylon@6.13.1
41 silly idealTree │ ├── core-js@2.4.1
41 silly idealTree │ ├── globals@9.12.0
41 silly idealTree │ ├── js-tokens@2.0.0
41 silly idealTree │ └── lodash@4.16.6
41 silly idealTree ├── babel-plugin-transform-es2015-arrow-functions@6.4.0
41 silly idealTree ├── babel-plugin-transform-es2015-block-scoped-functions@6.3.13
41 silly idealTree ├── babel-plugin-transform-es2015-block-scoping@6.4.0
41 silly idealTree ├── babel-plugin-transform-es2015-classes@6.4.0
41 silly idealTree ├── babel-plugin-transform-es2015-computed-properties@6.4.0
41 silly idealTree ├── babel-plugin-transform-es2015-destructuring@6.4.0
41 silly idealTree ├── babel-plugin-transform-es2015-for-of@6.3.13
41 silly idealTree ├── babel-plugin-transform-es2015-function-name@6.4.0
41 silly idealTree ├── babel-plugin-transform-es2015-literals@6.3.13
41 silly idealTree ├── babel-plugin-transform-es2015-modules-commonjs@6.4.0
41 silly idealTree ├─┬ babel-plugin-transform-es2015-modules-systemjs@6.18.0
41 silly idealTree │ ├── babel-code-frame@6.16.0
41 silly idealTree │ ├── babel-helper-hoist-variables@6.18.0
41 silly idealTree │ ├── babel-messages@6.8.0
41 silly idealTree │ ├── babel-runtime@6.18.0
41 silly idealTree │ ├── babel-template@6.16.0
41 silly idealTree │ ├── babel-traverse@6.18.0
41 silly idealTree │ ├── babel-types@6.18.0
41 silly idealTree │ ├── babylon@6.13.1
41 silly idealTree │ ├── core-js@2.4.1
41 silly idealTree │ ├── globals@9.12.0
41 silly idealTree │ ├── js-tokens@2.0.0
41 silly idealTree │ └── lodash@4.16.6
41 silly idealTree ├── babel-plugin-transform-es2015-object-super@6.4.0
41 silly idealTree ├── babel-plugin-transform-es2015-parameters@6.4.2
41 silly idealTree ├── babel-plugin-transform-es2015-shorthand-properties@6.3.13
41 silly idealTree ├── babel-plugin-transform-es2015-spread@6.4.0
41 silly idealTree ├── babel-plugin-transform-es2015-sticky-regex@6.3.13
41 silly idealTree ├── babel-plugin-transform-es2015-template-literals@6.3.13
41 silly idealTree ├── babel-plugin-transform-es2015-typeof-symbol@6.4.0
41 silly idealTree ├── babel-plugin-transform-es2015-unicode-regex@6.3.13
41 silly idealTree ├─┬ babel-plugin-transform-global-system-wrapper@0.0.1
41 silly idealTree │ ├── babel-code-frame@6.16.0
41 silly idealTree │ ├── babel-messages@6.8.0
41 silly idealTree │ ├── babel-runtime@6.18.0
41 silly idealTree │ ├── babel-template@6.16.0
41 silly idealTree │ ├── babel-traverse@6.18.0
41 silly idealTree │ ├── babel-types@6.18.0
41 silly idealTree │ ├── babylon@6.13.1
41 silly idealTree │ ├── core-js@2.4.1
41 silly idealTree │ ├── globals@9.12.0
41 silly idealTree │ ├── js-tokens@2.0.0
41 silly idealTree │ └── lodash@4.16.6
41 silly idealTree ├── babel-plugin-transform-regenerator@6.3.26
41 silly idealTree ├── babel-plugin-transform-strict-mode@6.3.13
41 silly idealTree ├── babel-plugin-transform-system-register@0.0.1
41 silly idealTree ├── babel-plugin-undeclared-variables-check@1.0.2
41 silly idealTree ├── babel-plugin-undefined-to-void@1.1.6
41 silly idealTree ├── babel-polyfill@6.3.14
41 silly idealTree ├── babel-preset-es2015@6.3.13
41 silly idealTree ├── babel-regenerator-runtime@6.3.13
41 silly idealTree ├── babel-register@6.3.13
41 silly idealTree ├── babel-runtime@5.8.34
41 silly idealTree ├── babel-template@6.3.13
41 silly idealTree ├── babel-traverse@6.3.26
41 silly idealTree ├── babel-types@6.4.1
41 silly idealTree ├── babylon@6.4.2
41 silly idealTree ├── backo2@1.0.2
41 silly idealTree ├── balanced-match@0.3.0
41 silly idealTree ├── base64-arraybuffer@0.1.2
41 silly idealTree ├── base64id@0.1.0
41 silly idealTree ├── batch@0.5.3
41 silly idealTree ├── benchmark@1.0.0
41 silly idealTree ├── better-assert@1.0.2
41 silly idealTree ├── binary-extensions@1.4.0
41 silly idealTree ├── bindings@1.2.1
41 silly idealTree ├─┬ bl@0.9.4
41 silly idealTree │ └── readable-stream@1.0.33
41 silly idealTree ├── blob@0.0.4
41 silly idealTree ├── block-stream@0.0.9
41 silly idealTree ├── bluebird@2.10.2
41 silly idealTree ├─┬ body-parser@1.14.2
41 silly idealTree │ └── qs@5.2.0
41 silly idealTree ├── boom@2.10.1
41 silly idealTree ├─┬ brace-expansion@1.1.6
41 silly idealTree │ └── balanced-match@0.4.2
41 silly idealTree ├── braces@1.8.3
41 silly idealTree ├── breakable@1.0.0
41 silly idealTree ├── bser@1.0.2
41 silly idealTree ├── buffer-crc32@0.2.5
41 silly idealTree ├── buffer-peek-stream@1.0.1
41 silly idealTree ├── bufferutil@1.2.1
41 silly idealTree ├── builtin-modules@1.1.1
41 silly idealTree ├── bytes@2.2.0
41 silly idealTree ├── callsite@1.0.0
41 silly idealTree ├─┬ camelcase-keys@2.0.0
41 silly idealTree │ └── camelcase@2.0.1
41 silly idealTree ├── camelcase@1.2.1
41 silly idealTree ├── caseless@0.11.0
41 silly idealTree ├── center-align@0.1.2
41 silly idealTree ├── chalk@1.1.1
41 silly idealTree ├── charenc@0.0.1
41 silly idealTree ├── chokidar@1.4.2
41 silly idealTree ├─┬ cli-table@0.0.2
41 silly idealTree │ └── colors@0.3.0
41 silly idealTree ├── cliui@2.1.0
41 silly idealTree ├── coffee-script@1.10.0
41 silly idealTree ├── colors@1.1.2
41 silly idealTree ├── combined-stream@0.0.7
41 silly idealTree ├── commander@2.9.0
41 silly idealTree ├─┬ commoner@0.10.4
41 silly idealTree │ ├── balanced-match@0.4.2
41 silly idealTree │ ├─┬ glob@5.0.15
41 silly idealTree │ │ └── inflight@1.0.6
41 silly idealTree │ └─┬ minimatch@3.0.0
41 silly idealTree │   └── brace-expansion@1.1.6
41 silly idealTree ├── component-bind@1.0.0
41 silly idealTree ├── component-emitter@1.1.2
41 silly idealTree ├── component-inherit@0.0.3
41 silly idealTree ├── concat-map@0.0.1
41 silly idealTree ├── config-chain@1.1.9
41 silly idealTree ├── connect@3.4.0
41 silly idealTree ├── content-type@1.0.1
41 silly idealTree ├── convert-source-map@1.1.3
41 silly idealTree ├── core-js@1.2.6
41 silly idealTree ├── core-util-is@1.0.2
41 silly idealTree ├─┬ cover@0.2.9
41 silly idealTree │ ├── underscore@1.2.4
41 silly idealTree │ └── which@1.0.9
41 silly idealTree ├── crypt@0.0.1
41 silly idealTree ├── cryptiles@2.0.5
41 silly idealTree ├── cssom@0.3.0
41 silly idealTree ├── cssstyle@0.2.30
41 silly idealTree ├── ctype@0.5.3
41 silly idealTree ├── custom-event@1.0.0
41 silly idealTree ├── d@0.1.1
41 silly idealTree ├── dashdash@1.11.0
41 silly idealTree ├── data-uri-to-buffer@0.0.4
41 silly idealTree ├── dateformat@1.0.12
41 silly idealTree ├── debug@2.2.0
41 silly idealTree ├── decamelize@1.1.2
41 silly idealTree ├── deep-is@0.1.3
41 silly idealTree ├── defined@1.0.0
41 silly idealTree ├─┬ defs@1.1.1
41 silly idealTree │ └── esprima-fb@15001.1001.0-dev-harmony-fb
41 silly idealTree ├── delayed-stream@0.0.5
41 silly idealTree ├── depd@1.1.0
41 silly idealTree ├── detect-file@0.1.0
41 silly idealTree ├─┬ detect-indent@3.0.1
41 silly idealTree │ └── minimist@1.2.0
41 silly idealTree ├── detective@4.3.1
41 silly idealTree ├── di@0.0.1
41 silly idealTree ├── diff@2.2.1
41 silly idealTree ├─┬ dom-serialize@2.2.1
41 silly idealTree │ └── extend@3.0.0
41 silly idealTree ├── ecc-jsbn@0.1.1
41 silly idealTree ├── ee-first@1.1.1
41 silly idealTree ├─┬ engine.io-client@1.6.4
41 silly idealTree │ └── ws@0.8.1
41 silly idealTree ├─┬ engine.io-parser@1.2.4
41 silly idealTree │ └── has-binary@0.1.6
41 silly idealTree ├── engine.io@1.6.5
41 silly idealTree ├── ent@2.2.0
41 silly idealTree ├── err-code@1.1.1
41 silly idealTree ├── errno@0.1.4
41 silly idealTree ├── error-ex@1.3.0
41 silly idealTree ├── es5-ext@0.10.11
41 silly idealTree ├── es6-iterator@2.0.0
41 silly idealTree ├── es6-symbol@3.0.2
41 silly idealTree ├─┬ es6-template-strings@2.0.1
41 silly idealTree │ ├── es5-ext@0.10.12
41 silly idealTree │ └── es6-symbol@3.1.0
41 silly idealTree ├── escape-html@1.0.2
41 silly idealTree ├── escape-string-regexp@1.0.4
41 silly idealTree ├─┬ escodegen@1.8.0
41 silly idealTree │ └── source-map@0.2.0
41 silly idealTree ├─┬ esniff@1.1.0
41 silly idealTree │ ├── d@1.0.0
41 silly idealTree │ ├── es5-ext@0.10.12
41 silly idealTree │ └─┬ es6-symbol@3.1.0
41 silly idealTree │   └── d@0.1.1
41 silly idealTree ├── esprima@2.7.1
41 silly idealTree ├── estraverse@1.9.3
41 silly idealTree ├── esutils@2.0.2
41 silly idealTree ├── eventemitter3@1.1.1
41 silly idealTree ├── exec-sh@0.2.0
41 silly idealTree ├── exit@0.1.2
41 silly idealTree ├─┬ expand-braces@0.1.2
41 silly idealTree │ ├── braces@0.1.5
41 silly idealTree │ ├── expand-range@0.1.1
41 silly idealTree │ ├── is-number@0.1.1
41 silly idealTree │ └── repeat-string@0.2.2
41 silly idealTree ├── expand-brackets@0.1.4
41 silly idealTree ├── expand-range@1.8.1
41 silly idealTree ├── expand-tilde@1.2.2
41 silly idealTree ├── extend@3.0.0
41 silly idealTree ├── extglob@0.3.1
41 silly idealTree ├── extsprintf@1.0.2
41 silly idealTree ├── fast-levenshtein@1.1.0
41 silly idealTree ├── fb-watchman@1.7.0
41 silly idealTree ├── fd-slicer@1.0.1
41 silly idealTree ├── filename-regex@2.0.0
41 silly idealTree ├─┬ fileset@0.1.8
41 silly idealTree │ ├─┬ glob@3.2.11
41 silly idealTree │ │ └── minimatch@0.3.0
41 silly idealTree │ └── minimatch@0.4.0
41 silly idealTree ├── fill-range@2.2.3
41 silly idealTree ├── finalhandler@0.4.0
41 silly idealTree ├─┬ find-up@1.1.0
41 silly idealTree │ └── path-exists@2.1.0
41 silly idealTree ├── findup-sync@0.4.3
41 silly idealTree ├── fined@1.0.2
41 silly idealTree ├── flagged-respawn@0.3.2
41 silly idealTree ├── for-in@0.1.4
41 silly idealTree ├── for-own@0.1.3
41 silly idealTree ├── forever-agent@0.5.2
41 silly idealTree ├─┬ form-data@2.1.1
41 silly idealTree │ ├── combined-stream@1.0.5
41 silly idealTree │ ├── delayed-stream@1.0.0
41 silly idealTree │ ├── mime-db@1.24.0
41 silly idealTree │ └── mime-types@2.1.12
41 silly idealTree ├── fs-access@1.0.0
41 silly idealTree ├── fs-exists-sync@0.1.0
41 silly idealTree ├── fs-extra@0.23.1
41 silly idealTree ├── fs-readdir-recursive@0.1.2
41 silly idealTree ├── fs.realpath@1.0.0
41 silly idealTree ├── fstream@1.0.10
41 silly idealTree ├─┬ gaze@0.3.4
41 silly idealTree │ └── minimatch@0.2.14
41 silly idealTree ├── generate-function@2.0.0
41 silly idealTree ├── generate-object-property@1.2.0
41 silly idealTree ├── get-stdin@4.0.1
41 silly idealTree ├── glob-base@0.3.0
41 silly idealTree ├── glob-parent@2.0.0
41 silly idealTree ├── glob@3.2.11
41 silly idealTree ├── global-modules@0.2.3
41 silly idealTree ├─┬ global-prefix@0.1.4
41 silly idealTree │ └── which@1.2.11
41 silly idealTree ├── globals@8.17.0
41 silly idealTree ├── graceful-fs@4.1.2
41 silly idealTree ├── graceful-readlink@1.0.1
41 silly idealTree ├── growl@1.7.0
41 silly idealTree ├─┬ handlebars@4.0.5
41 silly idealTree │ ├── async@1.5.1
41 silly idealTree │ └── source-map@0.4.4
41 silly idealTree ├─┬ har-validator@2.0.6
41 silly idealTree │ ├── is-my-json-valid@2.15.0
41 silly idealTree │ └── jsonpointer@4.0.0
41 silly idealTree ├── has-ansi@2.0.0
41 silly idealTree ├── has-binary@0.1.7
41 silly idealTree ├── has-color@0.1.7
41 silly idealTree ├── has-cors@1.1.0
41 silly idealTree ├── has-flag@1.0.0
41 silly idealTree ├── hawk@3.1.3
41 silly idealTree ├── hoek@2.16.3
41 silly idealTree ├── home-or-tmp@1.0.0
41 silly idealTree ├── hosted-git-info@2.1.4
41 silly idealTree ├── http-errors@1.3.1
41 silly idealTree ├── http-proxy@1.12.0
41 silly idealTree ├── http-signature@0.10.1
41 silly idealTree ├── iconv-lite@0.4.13
41 silly idealTree ├─┬ indent-string@2.1.0
41 silly idealTree │ └── repeating@2.0.0
41 silly idealTree ├── indexof@0.0.1
41 silly idealTree ├── inflight@1.0.6
41 silly idealTree ├── inherit@2.2.2
41 silly idealTree ├── inherits@2.0.1
41 silly idealTree ├── ini@1.3.4
41 silly idealTree ├── invariant@2.2.0
41 silly idealTree ├── invert-kv@1.0.0
41 silly idealTree ├── is-absolute@0.1.7
41 silly idealTree ├── is-arrayish@0.2.1
41 silly idealTree ├── is-binary-path@1.0.1
41 silly idealTree ├── is-buffer@1.1.1
41 silly idealTree ├── is-builtin-module@1.0.0
41 silly idealTree ├── is-dotfile@1.0.2
41 silly idealTree ├── is-equal-shallow@0.1.3
41 silly idealTree ├── is-extendable@0.1.1
41 silly idealTree ├── is-extglob@1.0.0
41 silly idealTree ├── is-finite@1.0.1
41 silly idealTree ├── is-glob@2.0.1
41 silly idealTree ├── is-integer@1.0.6
41 silly idealTree ├── is-my-json-valid@2.12.3
41 silly idealTree ├─┬ is-number@2.1.0
41 silly idealTree │ └── kind-of@3.0.2
41 silly idealTree ├── is-primitive@2.0.0
41 silly idealTree ├── is-property@1.0.2
41 silly idealTree ├── is-relative@0.1.3
41 silly idealTree ├── is-typedarray@1.0.0
41 silly idealTree ├── is-unc-path@0.1.1
41 silly idealTree ├── is-utf8@0.2.1
41 silly idealTree ├── is-windows@0.2.0
41 silly idealTree ├── is@0.2.7
41 silly idealTree ├── isarray@0.0.1
41 silly idealTree ├── isexe@1.1.2
41 silly idealTree ├── isobject@2.0.0
41 silly idealTree ├─┬ isparta@3.5.3
41 silly idealTree │ ├── async@1.5.1
41 silly idealTree │ ├── babel-core@5.8.34
41 silly idealTree │ ├── babylon@5.8.34
41 silly idealTree │ ├── balanced-match@0.4.2
41 silly idealTree │ ├── fast-levenshtein@1.0.7
41 silly idealTree │ ├── fileset@0.2.1
41 silly idealTree │ ├─┬ glob@5.0.15
41 silly idealTree │ │ └── inflight@1.0.6
41 silly idealTree │ ├── globals@6.4.1
41 silly idealTree │ ├─┬ istanbul@0.4.1
41 silly idealTree │ │ ├─┬ escodegen@1.7.1
41 silly idealTree │ │ │ └── esprima@1.2.5
41 silly idealTree │ │ └── source-map@0.2.0
41 silly idealTree │ ├── js-tokens@1.0.1
41 silly idealTree │ ├── levn@0.2.5
41 silly idealTree │ ├─┬ minimatch@2.0.10
41 silly idealTree │ │ └── brace-expansion@1.1.6
41 silly idealTree │ ├─┬ optionator@0.5.0
41 silly idealTree │ │ └── wordwrap@0.0.3
41 silly idealTree │ ├── supports-color@3.1.2
41 silly idealTree │ └── wordwrap@1.0.0
41 silly idealTree ├── isstream@0.1.2
41 silly idealTree ├─┬ istanbul@0.3.17
41 silly idealTree │ ├── async@1.5.1
41 silly idealTree │ ├── balanced-match@0.4.2
41 silly idealTree │ ├─┬ escodegen@1.6.1
41 silly idealTree │ │ ├── esprima@1.2.5
41 silly idealTree │ │ └── source-map@0.1.43
41 silly idealTree │ ├── esprima@2.4.1
41 silly idealTree │ ├── esutils@1.1.6
41 silly idealTree │ ├── fast-levenshtein@1.0.7
41 silly idealTree │ ├── fileset@0.2.1
41 silly idealTree │ ├─┬ glob@5.0.15
41 silly idealTree │ │ └── inflight@1.0.6
41 silly idealTree │ ├─┬ handlebars@3.0.0
41 silly idealTree │ │ └── source-map@0.1.43
41 silly idealTree │ ├── levn@0.2.5
41 silly idealTree │ ├─┬ minimatch@2.0.10
41 silly idealTree │ │ └── brace-expansion@1.1.6
41 silly idealTree │ ├── optionator@0.5.0
41 silly idealTree │ ├── source-map@0.4.4
41 silly idealTree │ ├── supports-color@1.3.1
41 silly idealTree │ ├─┬ uglify-js@2.3.6
41 silly idealTree │ │ ├── async@0.2.10
41 silly idealTree │ │ ├── optimist@0.3.7
41 silly idealTree │ │ └── source-map@0.1.43
41 silly idealTree │ └── which@1.0.9
41 silly idealTree ├── jasmine-core@2.4.1
41 silly idealTree ├── jasmine-growl-reporter@0.0.3
41 silly idealTree ├─┬ jasmine-node@1.14.5
41 silly idealTree │ └── mkdirp@0.3.5
41 silly idealTree ├─┬ jasmine-reporters@1.0.2
41 silly idealTree │ └── mkdirp@0.3.5
41 silly idealTree ├── jasmine@2.4.1
41 silly idealTree ├─┬ jest-cli@0.8.2
41 silly idealTree │ ├── async@1.5.2
41 silly idealTree │ ├─┬ escodegen@1.7.1
41 silly idealTree │ │ └── esprima@1.2.5
41 silly idealTree │ ├── esprima@2.5.0
41 silly idealTree │ ├── fast-levenshtein@1.0.7
41 silly idealTree │ ├── fileset@0.2.1
41 silly idealTree │ ├── glob@5.0.15
41 silly idealTree │ ├── istanbul@0.3.22
41 silly idealTree │ ├── levn@0.2.5
41 silly idealTree │ ├── minimatch@2.0.10
41 silly idealTree │ ├─┬ optionator@0.5.0
41 silly idealTree │ │ └── wordwrap@0.0.3
41 silly idealTree │ ├── source-map@0.2.0
41 silly idealTree │ ├── supports-color@3.1.2
41 silly idealTree │ └── wordwrap@1.0.0
41 silly idealTree ├── jodid25519@1.0.2
41 silly idealTree ├── js-tokens@1.0.2
41 silly idealTree ├── js-yaml@3.4.6
41 silly idealTree ├── jsbn@0.1.0
41 silly idealTree ├─┬ jsdom@7.2.2
41 silly idealTree │ └── acorn@2.7.0
41 silly idealTree ├── jsesc@0.5.0
41 silly idealTree ├── json-schema@0.2.2
41 silly idealTree ├── json-stable-stringify@1.0.0
41 silly idealTree ├── json-stringify-safe@5.0.1
41 silly idealTree ├── json3@3.2.6
41 silly idealTree ├── json5@0.4.0
41 silly idealTree ├── jsonfile@2.2.3
41 silly idealTree ├── jsonify@0.0.0
41 silly idealTree ├── jsonpointer@2.0.0
41 silly idealTree ├─┬ jspm-github@0.13.17
41 silly idealTree │ ├── assert-plus@0.2.0
41 silly idealTree │ ├── aws-sign2@0.6.0
41 silly idealTree │ ├── combined-stream@1.0.5
41 silly idealTree │ ├── delayed-stream@1.0.0
41 silly idealTree │ ├── forever-agent@0.6.1
41 silly idealTree │ ├── glob@7.1.1
41 silly idealTree │ ├── graceful-fs@4.1.10
41 silly idealTree │ ├── http-signature@1.1.1
41 silly idealTree │ ├── minimatch@3.0.3
41 silly idealTree │ ├── request@2.76.0
41 silly idealTree │ ├── rimraf@2.5.4
41 silly idealTree │ └── tough-cookie@2.3.2
41 silly idealTree ├─┬ jspm-npm@0.26.12
41 silly idealTree │ ├── glob@5.0.15
41 silly idealTree │ ├── graceful-fs@4.1.10
41 silly idealTree │ ├── minimatch@3.0.3
41 silly idealTree │ └── tar@1.0.3
41 silly idealTree ├─┬ jspm-registry@0.4.2
41 silly idealTree │ ├── graceful-fs@4.1.10
41 silly idealTree │ └── semver@4.3.6
41 silly idealTree ├─┬ jspm@0.16.47
41 silly idealTree │ ├── glob@6.0.4
41 silly idealTree │ └── minimatch@3.0.3
41 silly idealTree ├── jsprim@1.2.2
41 silly idealTree ├── karma-babel-preprocessor@6.0.1
41 silly idealTree ├── karma-chrome-launcher@0.2.2
41 silly idealTree ├── karma-coverage@0.2.6
41 silly idealTree ├── karma-jasmine@0.3.6
41 silly idealTree ├── karma-jspm@2.0.2
41 silly idealTree ├── karma-phantomjs-launcher@0.2.3
41 silly idealTree ├── karma-sourcemap-loader@0.3.6
41 silly idealTree ├─┬ karma@0.13.19
41 silly idealTree │ ├── core-js@2.0.2
41 silly idealTree │ ├── glob@6.0.3
41 silly idealTree │ └── minimatch@3.0.0
41 silly idealTree ├── kew@0.4.0
41 silly idealTree ├── kind-of@2.0.1
41 silly idealTree ├── lazy-cache@0.2.7
41 silly idealTree ├── lcid@1.0.0
41 silly idealTree ├── left-pad@0.0.3
41 silly idealTree ├── leven@1.0.2
41 silly idealTree ├── levn@0.3.0
41 silly idealTree ├─┬ liftoff@2.3.0
41 silly idealTree │ └── resolve@1.1.7
41 silly idealTree ├── line-numbers@0.2.0
41 silly idealTree ├── load-json-file@1.1.0
41 silly idealTree ├── lodash._arraycopy@3.0.0
41 silly idealTree ├── lodash._basecreate@3.0.3
41 silly idealTree ├── lodash._createwrapper@3.0.7
41 silly idealTree ├── lodash._replaceholders@3.0.0
41 silly idealTree ├── lodash.assignwith@4.2.0
41 silly idealTree ├── lodash.isempty@4.4.0
41 silly idealTree ├── lodash.isplainobject@4.0.6
41 silly idealTree ├── lodash.isstring@4.0.1
41 silly idealTree ├── lodash.mapvalues@4.6.0
41 silly idealTree ├── lodash.partial@3.1.1
41 silly idealTree ├── lodash.pick@4.4.0
41 silly idealTree ├── lodash.restparam@3.6.1
41 silly idealTree ├── lodash@3.10.1
41 silly idealTree ├─┬ log4js@0.6.29
41 silly idealTree │ ├── readable-stream@1.0.33
41 silly idealTree │ ├── semver@4.3.6
41 silly idealTree │ └── underscore@1.8.2
41 silly idealTree ├── longest@1.0.1
41 silly idealTree ├── loose-envify@1.1.0
41 silly idealTree ├── loud-rejection@1.2.0
41 silly idealTree ├── lru-cache@2.7.3
41 silly idealTree ├── makeerror@1.0.11
41 silly idealTree ├── map-cache@0.2.2
41 silly idealTree ├── map-obj@1.0.1
41 silly idealTree ├─┬ md5@2.0.0
41 silly idealTree │ └── is-buffer@1.0.2
41 silly idealTree ├── media-typer@0.3.0
41 silly idealTree ├─┬ meow@3.7.0
41 silly idealTree │ └── minimist@1.2.0
41 silly idealTree ├── merge@1.2.0
41 silly idealTree ├─┬ micromatch@2.3.7
41 silly idealTree │ └── kind-of@3.0.2
41 silly idealTree ├── mime-db@1.21.0
41 silly idealTree ├── mime-types@2.1.9
41 silly idealTree ├── mime@1.3.4
41 silly idealTree ├── minimatch@0.3.0
41 silly idealTree ├── minimist@0.0.8
41 silly idealTree ├── mkdirp@0.5.1
41 silly idealTree ├── ms@0.7.1
41 silly idealTree ├── nan@2.1.0
41 silly idealTree ├── ncp@2.0.0
41 silly idealTree ├── negotiator@0.4.9
41 silly idealTree ├── netrc@0.1.4
41 silly idealTree ├─┬ node-haste@1.2.8
41 silly idealTree │ └── esprima-fb@4001.1001.0-dev-harmony-fb
41 silly idealTree ├── node-int64@0.4.0
41 silly idealTree ├── node-uuid@1.4.7
41 silly idealTree ├── node.extend@1.0.8
41 silly idealTree ├── node.flow@1.2.3
41 silly idealTree ├─┬ nomnomnomnom@2.0.1
41 silly idealTree │ ├── ansi-styles@1.0.0
41 silly idealTree │ ├── chalk@0.4.0
41 silly idealTree │ ├── strip-ansi@0.1.1
41 silly idealTree │ └── underscore@1.6.0
41 silly idealTree ├── nopt@3.0.6
41 silly idealTree ├── normalize-package-data@2.3.5
41 silly idealTree ├── normalize-path@2.0.1
41 silly idealTree ├─┬ npmconf@2.1.1
41 silly idealTree │ └── semver@4.3.6
41 silly idealTree ├── null-check@1.0.0
41 silly idealTree ├── number-is-nan@1.0.0
41 silly idealTree ├── nwmatcher@1.3.7
41 silly idealTree ├── oauth-sign@0.8.2
41 silly idealTree ├── object-assign@4.0.1
41 silly idealTree ├── object-component@0.0.3
41 silly idealTree ├── object-keys@0.4.0
41 silly idealTree ├── object.omit@2.0.0
41 silly idealTree ├── on-finished@2.3.0
41 silly idealTree ├── once@1.3.3
41 silly idealTree ├── optimist@0.6.1
41 silly idealTree ├─┬ optionator@0.8.1
41 silly idealTree │ └── wordwrap@1.0.0
41 silly idealTree ├── options@0.0.6
41 silly idealTree ├── os-homedir@1.0.1
41 silly idealTree ├── os-locale@1.4.0
41 silly idealTree ├── os-tmpdir@1.0.1
41 silly idealTree ├── osenv@0.1.3
41 silly idealTree ├── output-file-sync@1.1.1
41 silly idealTree ├─┬ parse-filepath@1.0.1
41 silly idealTree │ ├── is-absolute@0.2.6
41 silly idealTree │ └── is-relative@0.2.1
41 silly idealTree ├── parse-glob@3.0.4
41 silly idealTree ├── parse-json@2.2.0
41 silly idealTree ├── parse5@1.5.1
41 silly idealTree ├── parsejson@0.0.1
41 silly idealTree ├── parseqs@0.0.2
41 silly idealTree ├── parseuri@0.0.4
41 silly idealTree ├── parseurl@1.3.0
41 silly idealTree ├── path-exists@1.0.0
41 silly idealTree ├── path-is-absolute@1.0.0
41 silly idealTree ├── path-root-regex@0.1.2
41 silly idealTree ├── path-root@0.1.1
41 silly idealTree ├── path-type@1.1.0
41 silly idealTree ├── pend@1.2.0
41 silly idealTree ├─┬ phantomjs@1.9.19
41 silly idealTree │ ├── async@0.9.2
41 silly idealTree │ ├── boom@0.4.2
41 silly idealTree │ ├── caseless@0.6.0
41 silly idealTree │ ├── cryptiles@0.2.2
41 silly idealTree │ ├── form-data@0.1.4
41 silly idealTree │ ├── hawk@1.1.1
41 silly idealTree │ ├── hoek@0.9.1
41 silly idealTree │ ├── mime-types@1.0.2
41 silly idealTree │ ├── mime@1.2.11
41 silly idealTree │ ├── oauth-sign@0.4.0
41 silly idealTree │ ├── qs@1.2.2
41 silly idealTree │ ├── request@2.42.0
41 silly idealTree │ ├── sntp@0.2.4
41 silly idealTree │ └── which@1.0.9
41 silly idealTree ├── pify@2.3.0
41 silly idealTree ├── pinkie-promise@2.0.0
41 silly idealTree ├── pinkie@2.0.1
41 silly idealTree ├── prelude-ls@1.1.2
41 silly idealTree ├── preserve@0.2.0
41 silly idealTree ├── private@0.1.6
41 silly idealTree ├── process-nextick-args@1.0.6
41 silly idealTree ├── progress@1.1.8
41 silly idealTree ├── proper-lockfile@1.2.0
41 silly idealTree ├── proto-list@1.2.4
41 silly idealTree ├── prr@0.0.0
41 silly idealTree ├── punycode@1.4.1
41 silly idealTree ├── q@1.4.1
41 silly idealTree ├── qs@6.3.0
41 silly idealTree ├─┬ randomatic@1.1.5
41 silly idealTree │ └── kind-of@3.0.2
41 silly idealTree ├── raw-body@2.1.5
41 silly idealTree ├── read-pkg-up@1.0.1
41 silly idealTree ├── read-pkg@1.1.0
41 silly idealTree ├── readable-stream@2.0.5
41 silly idealTree ├─┬ readdirp@2.0.0
41 silly idealTree │ └── minimatch@2.0.10
41 silly idealTree ├─┬ recast@0.10.41
41 silly idealTree │ └── esprima-fb@15001.1001.0-dev-harmony-fb
41 silly idealTree ├── rechoir@0.6.2
41 silly idealTree ├── redent@1.0.0
41 silly idealTree ├── regenerate@1.2.1
41 silly idealTree ├── regenerator-runtime@0.9.5
41 silly idealTree ├─┬ regenerator@0.8.40
41 silly idealTree │ ├── ast-types@0.8.12
41 silly idealTree │ ├── esprima-fb@15001.1001.0-dev-harmony-fb
41 silly idealTree │ └── recast@0.10.33
41 silly idealTree ├── regex-cache@0.4.2
41 silly idealTree ├── regexpu@1.3.0
41 silly idealTree ├── regjsgen@0.2.0
41 silly idealTree ├── regjsparser@0.1.5
41 silly idealTree ├── repeat-element@1.1.2
41 silly idealTree ├── repeat-string@1.5.2
41 silly idealTree ├── repeating@1.1.3
41 silly idealTree ├── request-progress@0.3.1
41 silly idealTree ├─┬ request@2.67.0
41 silly idealTree │ ├── async@1.5.1
41 silly idealTree │ ├── aws-sign2@0.6.0
41 silly idealTree │ ├── bl@1.0.0
41 silly idealTree │ ├── caseless@0.11.0
41 silly idealTree │ ├── combined-stream@1.0.5
41 silly idealTree │ ├── delayed-stream@1.0.0
41 silly idealTree │ ├── extend@3.0.0
41 silly idealTree │ ├── forever-agent@0.6.1
41 silly idealTree │ ├── form-data@1.0.0-rc3
41 silly idealTree │ ├─┬ har-validator@2.0.3
41 silly idealTree │ │ └── pinkie-promise@2.0.0
41 silly idealTree │ ├── hawk@3.1.2
41 silly idealTree │ ├── http-signature@1.1.0
41 silly idealTree │ ├── mime-db@1.20.0
41 silly idealTree │ ├── mime-types@2.1.8
41 silly idealTree │ ├── oauth-sign@0.8.0
41 silly idealTree │ ├── qs@5.2.0
41 silly idealTree │ └── readable-stream@2.0.5
41 silly idealTree ├── requirejs@2.1.22
41 silly idealTree ├── requires-port@0.0.1
41 silly idealTree ├── resolve-dir@0.1.1
41 silly idealTree ├── resolve@1.1.6
41 silly idealTree ├── retry@0.10.0
41 silly idealTree ├── right-align@0.1.3
41 silly idealTree ├─┬ rimraf@2.5.0
41 silly idealTree │ ├── glob@6.0.3
41 silly idealTree │ └── minimatch@3.0.0
41 silly idealTree ├── rmdir@1.2.0
41 silly idealTree ├─┬ rollup@0.36.3
41 silly idealTree │ └── source-map-support@0.4.6
41 silly idealTree ├── rsvp@3.3.3
41 silly idealTree ├─┬ sane@1.3.0
41 silly idealTree │ ├── minimatch@0.2.14
41 silly idealTree │ └── minimist@1.2.0
41 silly idealTree ├── sax@1.1.4
41 silly idealTree ├── semver@5.1.0
41 silly idealTree ├── shebang-regex@1.0.0
41 silly idealTree ├── sigmund@1.0.1
41 silly idealTree ├── signal-exit@2.1.2
41 silly idealTree ├── simple-fmt@0.1.0
41 silly idealTree ├── simple-is@0.2.0
41 silly idealTree ├── slash@1.0.0
41 silly idealTree ├── sntp@1.0.9
41 silly idealTree ├─┬ socket.io-adapter@0.4.0
41 silly idealTree │ └─┬ socket.io-parser@2.2.2
41 silly idealTree │   └── debug@0.7.4
41 silly idealTree ├─┬ socket.io-client@1.4.0
41 silly idealTree │ ├── component-emitter@1.2.0
41 silly idealTree │ ├── json3@3.3.2
41 silly idealTree │ └─┬ socket.io-parser@2.2.5
41 silly idealTree │   └── component-emitter@1.1.2
41 silly idealTree ├─┬ socket.io-parser@2.2.6
41 silly idealTree │ └── json3@3.3.2
41 silly idealTree ├── socket.io@1.4.0
41 silly idealTree ├─┬ source-map-support@0.2.10
41 silly idealTree │ └─┬ source-map@0.1.32
41 silly idealTree │   └── amdefine@1.0.0
41 silly idealTree ├── source-map@0.5.3
41 silly idealTree ├── spdx-correct@1.0.2
41 silly idealTree ├── spdx-exceptions@1.0.4
41 silly idealTree ├── spdx-expression-parse@1.0.2
41 silly idealTree ├── spdx-license-ids@1.1.0
41 silly idealTree ├── sprintf-js@1.0.3
41 silly idealTree ├─┬ sshpk@1.7.2
41 silly idealTree │ ├── asn1@0.2.3
41 silly idealTree │ └── assert-plus@0.2.0
41 silly idealTree ├── stable@0.1.5
41 silly idealTree ├── statuses@1.2.1
41 silly idealTree ├── string_decoder@0.10.31
41 silly idealTree ├── stringmap@0.2.2
41 silly idealTree ├── stringset@0.2.1
41 silly idealTree ├── stringstream@0.0.5
41 silly idealTree ├── strip-ansi@3.0.0
41 silly idealTree ├── strip-bom@2.0.0
41 silly idealTree ├── strip-indent@1.0.1
41 silly idealTree ├── success-symbol@0.1.0
41 silly idealTree ├── supports-color@2.0.0
41 silly idealTree ├── symbol-tree@3.1.4
41 silly idealTree ├─┬ systemjs-builder@0.15.33
41 silly idealTree │ ├── babel-code-frame@6.16.0
41 silly idealTree │ ├── babel-core@6.18.2
41 silly idealTree │ ├── babel-generator@6.18.0
41 silly idealTree │ ├── babel-helpers@6.16.0
41 silly idealTree │ ├── babel-messages@6.8.0
41 silly idealTree │ ├── babel-register@6.18.0
41 silly idealTree │ ├── babel-runtime@6.18.0
41 silly idealTree │ ├── babel-template@6.16.0
41 silly idealTree │ ├── babel-traverse@6.18.0
41 silly idealTree │ ├── babel-types@6.18.0
41 silly idealTree │ ├── babylon@6.13.1
41 silly idealTree │ ├── bluebird@3.4.6
41 silly idealTree │ ├── core-js@2.4.1
41 silly idealTree │ ├── detect-indent@4.0.0
41 silly idealTree │ ├── glob@7.1.1
41 silly idealTree │ ├── globals@9.12.0
41 silly idealTree │ ├── home-or-tmp@2.0.0
41 silly idealTree │ ├── js-tokens@2.0.0
41 silly idealTree │ ├── jsesc@1.3.0
41 silly idealTree │ ├── json5@0.5.0
41 silly idealTree │ ├── lodash@4.16.6
41 silly idealTree │ ├── minimatch@3.0.3
41 silly idealTree │ ├── repeating@2.0.1
41 silly idealTree │ └── source-map-support@0.4.6
41 silly idealTree ├── systemjs@0.19.40
41 silly idealTree ├── tar@2.2.1
41 silly idealTree ├── throttleit@0.0.2
41 silly idealTree ├── through@2.3.8
41 silly idealTree ├── tmpl@1.0.4
41 silly idealTree ├── to-array@0.1.3
41 silly idealTree ├── to-fast-properties@1.0.1
41 silly idealTree ├── tough-cookie@2.2.1
41 silly idealTree ├── tr46@0.0.2
41 silly idealTree ├─┬ traceur@0.0.105
41 silly idealTree │ ├── glob@5.0.15
41 silly idealTree │ ├── minimatch@3.0.3
41 silly idealTree │ └── semver@4.3.6
41 silly idealTree ├── trim-newlines@1.0.0
41 silly idealTree ├── trim-right@1.0.1
41 silly idealTree ├── try-resolve@1.0.1
41 silly idealTree ├── tryor@0.1.2
41 silly idealTree ├── tunnel-agent@0.4.2
41 silly idealTree ├── tweetnacl@0.13.2
41 silly idealTree ├── type-check@0.3.2
41 silly idealTree ├── type-is@1.6.10
41 silly idealTree ├─┬ uglify-js@2.6.1
41 silly idealTree │ ├── window-size@0.1.0
41 silly idealTree │ └── yargs@3.10.0
41 silly idealTree ├── uglify-to-browserify@1.0.2
41 silly idealTree ├── uid-number@0.0.5
41 silly idealTree ├── ultron@1.0.2
41 silly idealTree ├── unc-path-regex@0.1.2
41 silly idealTree ├── underscore.string@2.0.0
41 silly idealTree ├── underscore@1.8.3
41 silly idealTree ├── unpipe@1.0.0
41 silly idealTree ├── user-home@1.1.1
41 silly idealTree ├─┬ useragent@2.1.8
41 silly idealTree │ └── lru-cache@2.2.4
41 silly idealTree ├── utf-8-validate@1.2.1
41 silly idealTree ├── utf8@2.1.0
41 silly idealTree ├── util-deprecate@1.0.2
41 silly idealTree ├── utils-merge@1.0.0
41 silly idealTree ├── validate-npm-package-license@3.0.1
41 silly idealTree ├── verror@1.3.6
41 silly idealTree ├── void-elements@2.0.1
41 silly idealTree ├── walkdir@0.0.11
41 silly idealTree ├── walker@1.0.7
41 silly idealTree ├── watch@0.10.0
41 silly idealTree ├── webidl-conversions@2.0.1
41 silly idealTree ├── whatwg-url-compat@0.6.5
41 silly idealTree ├── when@3.7.7
41 silly idealTree ├── which@1.2.1
41 silly idealTree ├── window-size@0.1.4
41 silly idealTree ├── wordwrap@0.0.2
41 silly idealTree ├── worker-farm@1.3.1
41 silly idealTree ├── wrappy@1.0.1
41 silly idealTree ├── ws@1.0.1
41 silly idealTree ├── xml-name-validator@2.0.1
41 silly idealTree ├── xmlhttprequest-ssl@1.5.1
41 silly idealTree ├── xtend@4.0.1
41 silly idealTree ├── y18n@3.2.0
41 silly idealTree ├── yargs@3.27.0
41 silly idealTree ├── yauzl@2.7.0
41 silly idealTree └── yeast@0.1.2
42 silly generateActionsToTake Starting
43 silly install generateActionsToTake
44 silly generateActionsToTake Finishing
45 silly diffTrees action count 0
46 silly decomposeActions action count 0
47 silly runTopLevelLifecycles Starting
48 silly install runPreinstallTopLevelLifecycles
49 silly preinstall babel-jspm-karma-jasmine-istanbul@1.0.0 /home/lcgong/w/beihang/alchemy/babel-jspm-karma-jasmine-istanbul-89e3f042
50 info lifecycle babel-jspm-karma-jasmine-istanbul@1.0.0~preinstall: babel-jspm-karma-jasmine-istanbul@1.0.0
51 silly lifecycle babel-jspm-karma-jasmine-istanbul@1.0.0~preinstall: no script for preinstall, continuing
52 silly executeActions Starting
53 silly install executeActions
54 silly doSerial global-install 0
55 silly doParallel fetch 0
56 verbose correctMkdir /home/lcgong/.npm/_locks correctMkdir not in flight; initializing
57 verbose lock using /home/lcgong/.npm/_locks/staging-09cb8bc3c8043eb0.lock for /home/lcgong/w/beihang/alchemy/node_modules/.staging
58 silly doParallel extract 0
59 silly doParallel preinstall 0
60 silly doReverseSerial remove 0
61 silly doSerial move 0
62 silly doSerial finalize 0
63 silly doSerial build 0
64 silly doSerial global-link 0
65 silly doParallel update-linked 0
66 silly doSerial install 0
67 silly doSerial postinstall 0
68 verbose unlock done using /home/lcgong/.npm/_locks/staging-09cb8bc3c8043eb0.lock for /home/lcgong/w/beihang/alchemy/node_modules/.staging
69 silly executeActions Finishing
70 silly rollbackFailedOptional Starting
71 silly rollbackFailedOptional Finishing
72 silly install runPostinstallTopLevelLifecycles
73 silly build babel-jspm-karma-jasmine-istanbul@1.0.0
74 info linkStuff babel-jspm-karma-jasmine-istanbul@1.0.0
75 silly linkStuff babel-jspm-karma-jasmine-istanbul@1.0.0 has /home/lcgong/w/beihang as its parent node_modules
76 verbose linkBins babel-jspm-karma-jasmine-istanbul@1.0.0
77 verbose linkMans babel-jspm-karma-jasmine-istanbul@1.0.0
78 silly install babel-jspm-karma-jasmine-istanbul@1.0.0 /home/lcgong/w/beihang/alchemy/babel-jspm-karma-jasmine-istanbul-89e3f042
79 info lifecycle babel-jspm-karma-jasmine-istanbul@1.0.0~install: babel-jspm-karma-jasmine-istanbul@1.0.0
80 silly lifecycle babel-jspm-karma-jasmine-istanbul@1.0.0~install: no script for install, continuing
81 silly postinstall babel-jspm-karma-jasmine-istanbul@1.0.0 /home/lcgong/w/beihang/alchemy/babel-jspm-karma-jasmine-istanbul-89e3f042
82 info lifecycle babel-jspm-karma-jasmine-istanbul@1.0.0~postinstall: babel-jspm-karma-jasmine-istanbul@1.0.0
83 verbose lifecycle babel-jspm-karma-jasmine-istanbul@1.0.0~postinstall: unsafe-perm in lifecycle true
84 verbose lifecycle babel-jspm-karma-jasmine-istanbul@1.0.0~postinstall: PATH: /usr/lib/node_modules/npm/bin/node-gyp-bin:/home/lcgong/w/beihang/alchemy/node_modules/.bin:/usr/local/sbin:/usr/local/bin:/usr/sbin:/usr/bin:/sbin:/bin:/usr/games:/usr/local/games:/snap/bin:/usr/lib/jvm/java-8-oracle/bin:/usr/lib/jvm/java-8-oracle/db/bin:/usr/lib/jvm/java-8-oracle/jre/bin:/home/lcgong/.gohome/bin
85 verbose lifecycle babel-jspm-karma-jasmine-istanbul@1.0.0~postinstall: CWD: /home/lcgong/w/beihang/alchemy
86 silly lifecycle babel-jspm-karma-jasmine-istanbul@1.0.0~postinstall: Args: [ '-c', 'jspm install' ]
87 silly lifecycle babel-jspm-karma-jasmine-istanbul@1.0.0~postinstall: Returned: code: 1  signal: null
88 info lifecycle babel-jspm-karma-jasmine-istanbul@1.0.0~postinstall: Failed to exec postinstall script
89 warn optional SKIPPING OPTIONAL DEPENDENCY: fsevents@^1.0.0 (node_modules/chokidar/node_modules/fsevents):
90 warn notsup SKIPPING OPTIONAL DEPENDENCY: Unsupported platform for fsevents@1.0.15: wanted {"os":"darwin","arch":"any"} (current: {"os":"linux","arch":"x64"})
91 verbose notsup SKIPPING OPTIONAL DEPENDENCY: Valid OS:    darwin
91 verbose notsup SKIPPING OPTIONAL DEPENDENCY: Valid Arch:  any
91 verbose notsup SKIPPING OPTIONAL DEPENDENCY: Actual OS:   linux
91 verbose notsup SKIPPING OPTIONAL DEPENDENCY: Actual Arch: x64
92 verbose stack Error: babel-jspm-karma-jasmine-istanbul@1.0.0 postinstall: `jspm install`
92 verbose stack Exit status 1
92 verbose stack     at EventEmitter.<anonymous> (/usr/lib/node_modules/npm/lib/utils/lifecycle.js:255:16)
92 verbose stack     at emitTwo (events.js:106:13)
92 verbose stack     at EventEmitter.emit (events.js:191:7)
92 verbose stack     at ChildProcess.<anonymous> (/usr/lib/node_modules/npm/lib/utils/spawn.js:40:14)
92 verbose stack     at emitTwo (events.js:106:13)
92 verbose stack     at ChildProcess.emit (events.js:191:7)
92 verbose stack     at maybeClose (internal/child_process.js:877:16)
92 verbose stack     at Process.ChildProcess._handle.onexit (internal/child_process.js:226:5)
93 verbose pkgid babel-jspm-karma-jasmine-istanbul@1.0.0
94 verbose cwd /home/lcgong/w/beihang/alchemy
95 error Linux 4.4.0-46-generic
96 error argv "/usr/bin/nodejs" "/usr/bin/npm" "install"
97 error node v6.9.1
98 error npm  v3.10.8
99 error code ELIFECYCLE
100 error babel-jspm-karma-jasmine-istanbul@1.0.0 postinstall: `jspm install`
100 error Exit status 1
101 error Failed at the babel-jspm-karma-jasmine-istanbul@1.0.0 postinstall script 'jspm install'.
101 error Make sure you have the latest version of node.js and npm installed.
101 error If you do, this is most likely a problem with the babel-jspm-karma-jasmine-istanbul package,
101 error not with npm itself.
101 error Tell the author that this fails on your system:
101 error     jspm install
101 error You can get information on how to open an issue for this project with:
101 error     npm bugs babel-jspm-karma-jasmine-istanbul
101 error Or if that isn't available, you can get their info via:
101 error     npm owner ls babel-jspm-karma-jasmine-istanbul
101 error There is likely additional logging output above.
102 verbose exit [ 1, true ]
